2024-12-15T18:22:58.487+01:00  INFO 268278 --- [gamehub] [main] fr.gamehub.gamehub.GamehubApplication    : Starting GamehubApplication using Java 21.0.5 with PID 268278 (/home/cytech/Desktop/Gamehub/GameHub/gamehub/target/classes started by cytech in /home/cytech/Desktop/Gamehub/GameHub)
2024-12-15T18:22:58.491+01:00  INFO 268278 --- [gamehub] [main] fr.gamehub.gamehub.GamehubApplication    : The following 1 profile is active: "dev"
2024-12-15T18:22:59.124+01:00  INFO 268278 --- [gamehub] [main] .s.d.r.c.RepositoryConfigurationDelegate : Bootstrapping Spring Data JPA repositories in DEFAULT mode.
2024-12-15T18:22:59.183+01:00  INFO 268278 --- [gamehub] [main] .s.d.r.c.RepositoryConfigurationDelegate : Finished Spring Data repository scanning in 49 ms. Found 9 JPA repository interfaces.
2024-12-15T18:22:59.722+01:00  INFO 268278 --- [gamehub] [main] o.s.b.w.embedded.tomcat.TomcatWebServer  : Tomcat initialized with port 8080 (http)
2024-12-15T18:22:59.732+01:00  INFO 268278 --- [gamehub] [main] o.apache.catalina.core.StandardService   : Starting service [Tomcat]
2024-12-15T18:22:59.732+01:00  INFO 268278 --- [gamehub] [main] o.apache.catalina.core.StandardEngine    : Starting Servlet engine: [Apache Tomcat/10.1.31]
2024-12-15T18:22:59.771+01:00  INFO 268278 --- [gamehub] [main] o.a.c.c.C.[Tomcat].[localhost].[/]       : Initializing Spring embedded WebApplicationContext
2024-12-15T18:22:59.772+01:00  INFO 268278 --- [gamehub] [main] w.s.c.ServletWebServerApplicationContext : Root WebApplicationContext: initialization completed in 1239 ms
2024-12-15T18:22:59.816+01:00  INFO 268278 --- [gamehub] [main] com.zaxxer.hikari.HikariDataSource       : HikariPool-1 - Starting...
2024-12-15T18:23:00.025+01:00  INFO 268278 --- [gamehub] [main] com.zaxxer.hikari.pool.HikariPool        : HikariPool-1 - Added connection conn0: url=jdbc:h2:file:C:/Gamehub/test/testdb user=SA
2024-12-15T18:23:00.026+01:00  INFO 268278 --- [gamehub] [main] com.zaxxer.hikari.HikariDataSource       : HikariPool-1 - Start completed.
2024-12-15T18:23:00.035+01:00  INFO 268278 --- [gamehub] [main] o.s.b.a.h2.H2ConsoleAutoConfiguration    : H2 console available at '/h2-console'. Database available at 'jdbc:h2:file:C:/Gamehub/test/testdb'
2024-12-15T18:23:00.210+01:00  INFO 268278 --- [gamehub] [main] o.hibernate.jpa.internal.util.LogHelper  : HHH000204: Processing PersistenceUnitInfo [name: default]
2024-12-15T18:23:00.274+01:00  INFO 268278 --- [gamehub] [main] org.hibernate.Version                    : HHH000412: Hibernate ORM core version 6.5.3.Final
2024-12-15T18:23:00.317+01:00  INFO 268278 --- [gamehub] [main] o.h.c.internal.RegionFactoryInitiator    : HHH000026: Second-level cache disabled
2024-12-15T18:23:00.578+01:00  INFO 268278 --- [gamehub] [main] o.s.o.j.p.SpringPersistenceUnitInfo      : No LoadTimeWeaver setup: ignoring JPA class transformer
2024-12-15T18:23:00.610+01:00  WARN 268278 --- [gamehub] [main] org.hibernate.orm.deprecation            : HHH90000025: H2Dialect does not need to be specified explicitly using 'hibernate.dialect' (remove the property setting and it will be selected by default)
2024-12-15T18:23:01.316+01:00  INFO 268278 --- [gamehub] [main] o.h.e.t.j.p.i.JtaPlatformInitiator       : HHH000489: No JTA platform available (set 'hibernate.transaction.jta.platform' to enable JTA platform integration)
2024-12-15T18:23:01.353+01:00  WARN 268278 --- [gamehub] [main] o.h.t.s.i.ExceptionHandlerLoggedImpl     : GenerationTarget encountered exception accepting command : Error executing DDL "alter table if exists tournament alter column categorie set data type enum ('Action','Adventure','CasualGame','EducationalGames','Fighting','Horror','Multiplayer','Music','Other','Puzzle','RPG','Sandbox','Simulation','Sports','Strategy','VirtualReality')" via JDBC [Values of types "ENUM('Action', 'Adventure', 'CasualGame', 'EducationalGames', 'Fighting', 'Horror', 'Multiplayer', 'Music', 'Other', 'Puzzle', 'RPG', 'Sandbox', 'Simulation', 'Sports', 'Strategy', 'VirtualReality')" and "INTEGER" are not comparable;]

org.hibernate.tool.schema.spi.CommandAcceptanceException: Error executing DDL "alter table if exists tournament alter column categorie set data type enum ('Action','Adventure','CasualGame','EducationalGames','Fighting','Horror','Multiplayer','Music','Other','Puzzle','RPG','Sandbox','Simulation','Sports','Strategy','VirtualReality')" via JDBC [Values of types "ENUM('Action', 'Adventure', 'CasualGame', 'EducationalGames', 'Fighting', 'Horror', 'Multiplayer', 'Music', 'Other', 'Puzzle', 'RPG', 'Sandbox', 'Simulation', 'Sports', 'Strategy', 'VirtualReality')" and "INTEGER" are not comparable;]
	at org.hibernate.tool.schema.internal.exec.GenerationTargetToDatabase.accept(GenerationTargetToDatabase.java:94) ~[hibernate-core-6.5.3.Final.jar:6.5.3.Final]
	at org.hibernate.tool.schema.internal.AbstractSchemaMigrator.applySqlString(AbstractSchemaMigrator.java:583) ~[hibernate-core-6.5.3.Final.jar:6.5.3.Final]
	at org.hibernate.tool.schema.internal.AbstractSchemaMigrator.applySqlStrings(AbstractSchemaMigrator.java:523) ~[hibernate-core-6.5.3.Final.jar:6.5.3.Final]
	at org.hibernate.tool.schema.internal.AbstractSchemaMigrator.migrateTable(AbstractSchemaMigrator.java:341) ~[hibernate-core-6.5.3.Final.jar:6.5.3.Final]
	at org.hibernate.tool.schema.internal.GroupedSchemaMigratorImpl.performTablesMigration(GroupedSchemaMigratorImpl.java:84) ~[hibernate-core-6.5.3.Final.jar:6.5.3.Final]
	at org.hibernate.tool.schema.internal.AbstractSchemaMigrator.performMigration(AbstractSchemaMigrator.java:240) ~[hibernate-core-6.5.3.Final.jar:6.5.3.Final]
	at org.hibernate.tool.schema.internal.AbstractSchemaMigrator.doMigration(AbstractSchemaMigrator.java:119) ~[hibernate-core-6.5.3.Final.jar:6.5.3.Final]
	at org.hibernate.tool.schema.spi.SchemaManagementToolCoordinator.performDatabaseAction(SchemaManagementToolCoordinator.java:280) ~[hibernate-core-6.5.3.Final.jar:6.5.3.Final]
	at org.hibernate.tool.schema.spi.SchemaManagementToolCoordinator.lambda$process$5(SchemaManagementToolCoordinator.java:144) ~[hibernate-core-6.5.3.Final.jar:6.5.3.Final]
	at java.base/java.util.HashMap.forEach(HashMap.java:1429) ~[na:na]
	at org.hibernate.tool.schema.spi.SchemaManagementToolCoordinator.process(SchemaManagementToolCoordinator.java:141) ~[hibernate-core-6.5.3.Final.jar:6.5.3.Final]
	at org.hibernate.boot.internal.SessionFactoryObserverForSchemaExport.sessionFactoryCreated(SessionFactoryObserverForSchemaExport.java:37) ~[hibernate-core-6.5.3.Final.jar:6.5.3.Final]
	at org.hibernate.internal.SessionFactoryObserverChain.sessionFactoryCreated(SessionFactoryObserverChain.java:35) ~[hibernate-core-6.5.3.Final.jar:6.5.3.Final]
	at org.hibernate.internal.SessionFactoryImpl.<init>(SessionFactoryImpl.java:322) ~[hibernate-core-6.5.3.Final.jar:6.5.3.Final]
	at org.hibernate.boot.internal.SessionFactoryBuilderImpl.build(SessionFactoryBuilderImpl.java:457) ~[hibernate-core-6.5.3.Final.jar:6.5.3.Final]
	at org.hibernate.jpa.boot.internal.EntityManagerFactoryBuilderImpl.build(EntityManagerFactoryBuilderImpl.java:1506) ~[hibernate-core-6.5.3.Final.jar:6.5.3.Final]
	at org.springframework.orm.jpa.vendor.SpringHibernateJpaPersistenceProvider.createContainerEntityManagerFactory(SpringHibernateJpaPersistenceProvider.java:75) ~[spring-orm-6.1.14.jar:6.1.14]
	at org.springframework.orm.jpa.LocalContainerEntityManagerFactoryBean.createNativeEntityManagerFactory(LocalContainerEntityManagerFactoryBean.java:390) ~[spring-orm-6.1.14.jar:6.1.14]
	at org.springframework.orm.jpa.AbstractEntityManagerFactoryBean.buildNativeEntityManagerFactory(AbstractEntityManagerFactoryBean.java:409) ~[spring-orm-6.1.14.jar:6.1.14]
	at org.springframework.orm.jpa.AbstractEntityManagerFactoryBean.afterPropertiesSet(AbstractEntityManagerFactoryBean.java:396) ~[spring-orm-6.1.14.jar:6.1.14]
	at org.springframework.orm.jpa.LocalContainerEntityManagerFactoryBean.afterPropertiesSet(LocalContainerEntityManagerFactoryBean.java:366) ~[spring-orm-6.1.14.jar:6.1.14]
	at org.springframework.beans.factory.support.AbstractAutowireCapableBeanFactory.invokeInitMethods(AbstractAutowireCapableBeanFactory.java:1853) ~[spring-beans-6.1.14.jar:6.1.14]
	at org.springframework.beans.factory.support.AbstractAutowireCapableBeanFactory.initializeBean(AbstractAutowireCapableBeanFactory.java:1802) ~[spring-beans-6.1.14.jar:6.1.14]
	at org.springframework.beans.factory.support.AbstractAutowireCapableBeanFactory.doCreateBean(AbstractAutowireCapableBeanFactory.java:600) ~[spring-beans-6.1.14.jar:6.1.14]
	at org.springframework.beans.factory.support.AbstractAutowireCapableBeanFactory.createBean(AbstractAutowireCapableBeanFactory.java:522) ~[spring-beans-6.1.14.jar:6.1.14]
	at org.springframework.beans.factory.support.AbstractBeanFactory.lambda$doGetBean$0(AbstractBeanFactory.java:337) ~[spring-beans-6.1.14.jar:6.1.14]
	at org.springframework.beans.factory.support.DefaultSingletonBeanRegistry.getSingleton(DefaultSingletonBeanRegistry.java:234) ~[spring-beans-6.1.14.jar:6.1.14]
	at org.springframework.beans.factory.support.AbstractBeanFactory.doGetBean(AbstractBeanFactory.java:335) ~[spring-beans-6.1.14.jar:6.1.14]
	at org.springframework.beans.factory.support.AbstractBeanFactory.getBean(AbstractBeanFactory.java:205) ~[spring-beans-6.1.14.jar:6.1.14]
	at org.springframework.context.support.AbstractApplicationContext.finishBeanFactoryInitialization(AbstractApplicationContext.java:954) ~[spring-context-6.1.14.jar:6.1.14]
	at org.springframework.context.support.AbstractApplicationContext.refresh(AbstractApplicationContext.java:625) ~[spring-context-6.1.14.jar:6.1.14]
	at org.springframework.boot.web.servlet.context.ServletWebServerApplicationContext.refresh(ServletWebServerApplicationContext.java:146) ~[spring-boot-3.3.5.jar:3.3.5]
	at org.springframework.boot.SpringApplication.refresh(SpringApplication.java:754) ~[spring-boot-3.3.5.jar:3.3.5]
	at org.springframework.boot.SpringApplication.refreshContext(SpringApplication.java:456) ~[spring-boot-3.3.5.jar:3.3.5]
	at org.springframework.boot.SpringApplication.run(SpringApplication.java:335) ~[spring-boot-3.3.5.jar:3.3.5]
	at org.springframework.boot.SpringApplication.run(SpringApplication.java:1363) ~[spring-boot-3.3.5.jar:3.3.5]
	at org.springframework.boot.SpringApplication.run(SpringApplication.java:1352) ~[spring-boot-3.3.5.jar:3.3.5]
	at fr.gamehub.gamehub.GamehubApplication.main(GamehubApplication.java:10) ~[classes/:na]
Caused by: org.h2.jdbc.JdbcSQLSyntaxErrorException: Values of types "ENUM('Action', 'Adventure', 'CasualGame', 'EducationalGames', 'Fighting', 'Horror', 'Multiplayer', 'Music', 'Other', 'Puzzle', 'RPG', 'Sandbox', 'Simulation', 'Sports', 'Strategy', 'VirtualReality')" and "INTEGER" are not comparable; SQL statement:
ALTER TABLE "PUBLIC"."TOURNAMENT_COPY_3_0" ADD CONSTRAINT "TOURNAMENT_COPY_3_0_CONSTRAINT_E" CHECK("CATEGORIE" BETWEEN 0 AND 15) NOCHECK [90110-224]
	at org.h2.message.DbException.getJdbcSQLException(DbException.java:644) ~[h2-2.2.224.jar:2.2.224]
	at org.h2.message.DbException.getJdbcSQLException(DbException.java:489) ~[h2-2.2.224.jar:2.2.224]
	at org.h2.message.DbException.get(DbException.java:223) ~[h2-2.2.224.jar:2.2.224]
	at org.h2.value.TypeInfo.checkComparable(TypeInfo.java:766) ~[h2-2.2.224.jar:2.2.224]
	at org.h2.expression.condition.BetweenPredicate.optimize(BetweenPredicate.java:74) ~[h2-2.2.224.jar:2.2.224]
	at org.h2.command.ddl.AlterTableAddConstraint.tryUpdate(AlterTableAddConstraint.java:192) ~[h2-2.2.224.jar:2.2.224]
	at org.h2.command.ddl.AlterTableAddConstraint.update(AlterTableAddConstraint.java:74) ~[h2-2.2.224.jar:2.2.224]
	at org.h2.command.ddl.AlterTable.update(AlterTable.java:46) ~[h2-2.2.224.jar:2.2.224]
	at org.h2.command.CommandContainer.update(CommandContainer.java:169) ~[h2-2.2.224.jar:2.2.224]
	at org.h2.command.Command.executeUpdate(Command.java:256) ~[h2-2.2.224.jar:2.2.224]
	at org.h2.command.ddl.AlterTableAlterColumn.execute(AlterTableAlterColumn.java:649) ~[h2-2.2.224.jar:2.2.224]
	at org.h2.command.ddl.AlterTableAlterColumn.cloneTableStructure(AlterTableAlterColumn.java:571) ~[h2-2.2.224.jar:2.2.224]
	at org.h2.command.ddl.AlterTableAlterColumn.copyData(AlterTableAlterColumn.java:343) ~[h2-2.2.224.jar:2.2.224]
	at org.h2.command.ddl.AlterTableAlterColumn.update(AlterTableAlterColumn.java:229) ~[h2-2.2.224.jar:2.2.224]
	at org.h2.command.CommandContainer.update(CommandContainer.java:169) ~[h2-2.2.224.jar:2.2.224]
	at org.h2.command.Command.executeUpdate(Command.java:256) ~[h2-2.2.224.jar:2.2.224]
	at org.h2.jdbc.JdbcStatement.executeInternal(JdbcStatement.java:262) ~[h2-2.2.224.jar:2.2.224]
	at org.h2.jdbc.JdbcStatement.execute(JdbcStatement.java:231) ~[h2-2.2.224.jar:2.2.224]
	at com.zaxxer.hikari.pool.ProxyStatement.execute(ProxyStatement.java:94) ~[HikariCP-5.1.0.jar:na]
	at com.zaxxer.hikari.pool.HikariProxyStatement.execute(HikariProxyStatement.java) ~[HikariCP-5.1.0.jar:na]
	at org.hibernate.tool.schema.internal.exec.GenerationTargetToDatabase.accept(GenerationTargetToDatabase.java:80) ~[hibernate-core-6.5.3.Final.jar:6.5.3.Final]
	... 37 common frames omitted

2024-12-15T18:23:01.369+01:00  INFO 268278 --- [gamehub] [main] j.LocalContainerEntityManagerFactoryBean : Initialized JPA EntityManagerFactory for persistence unit 'default'
2024-12-15T18:23:01.742+01:00  INFO 268278 --- [gamehub] [main] o.s.d.j.r.query.QueryEnhancerFactory     : Hibernate is in classpath; If applicable, HQL parser will be used.
2024-12-15T18:23:02.420+01:00  WARN 268278 --- [gamehub] [main] JpaBaseConfiguration$JpaWebConfiguration : spring.jpa.open-in-view is enabled by default. Therefore, database queries may be performed during view rendering. Explicitly configure spring.jpa.open-in-view to disable this warning
2024-12-15T18:23:02.446+01:00  INFO 268278 --- [gamehub] [main] r$InitializeUserDetailsManagerConfigurer : Global AuthenticationManager configured with UserDetailsService bean with name myUserDetailsService
2024-12-15T18:23:02.517+01:00  INFO 268278 --- [gamehub] [main] o.s.b.a.w.s.WelcomePageHandlerMapping    : Adding welcome page template: index
2024-12-15T18:23:02.762+01:00 DEBUG 268278 --- [gamehub] [main] o.s.s.web.DefaultSecurityFilterChain     : Will secure any request with filters: DisableEncodeUrlFilter, WebAsyncManagerIntegrationFilter, SecurityContextHolderFilter, HeaderWriterFilter, LogoutFilter, UsernamePasswordAuthenticationFilter, RequestCacheAwareFilter, SecurityContextHolderAwareRequestFilter, AnonymousAuthenticationFilter, ExceptionTranslationFilter, AuthorizationFilter
2024-12-15T18:23:02.939+01:00  INFO 268278 --- [gamehub] [main] o.s.b.w.embedded.tomcat.TomcatWebServer  : Tomcat started on port 8080 (http) with context path '/'
2024-12-15T18:23:02.952+01:00  INFO 268278 --- [gamehub] [main] fr.gamehub.gamehub.GamehubApplication    : Started GamehubApplication in 4.768 seconds (process running for 5.215)
2024-12-15T18:24:02.585+01:00  INFO 268278 --- [gamehub] [http-nio-8080-exec-2] o.a.c.c.C.[Tomcat].[localhost].[/]       : Initializing Spring DispatcherServlet 'dispatcherServlet'
2024-12-15T18:24:02.585+01:00  INFO 268278 --- [gamehub] [http-nio-8080-exec-2] o.s.web.servlet.DispatcherServlet        : Initializing Servlet 'dispatcherServlet'
2024-12-15T18:24:02.587+01:00  INFO 268278 --- [gamehub] [http-nio-8080-exec-2] o.s.web.servlet.DispatcherServlet        : Completed initialization in 1 ms
2024-12-15T18:24:02.604+01:00 DEBUG 268278 --- [gamehub] [http-nio-8080-exec-2] o.s.security.web.FilterChainProxy        : Securing GET /tournaments?continue
2024-12-15T18:24:02.620+01:00 DEBUG 268278 --- [gamehub] [http-nio-8080-exec-2] o.s.s.w.a.AnonymousAuthenticationFilter  : Set SecurityContextHolder to anonymous SecurityContext
2024-12-15T18:24:02.630+01:00 DEBUG 268278 --- [gamehub] [http-nio-8080-exec-2] o.s.s.w.s.HttpSessionRequestCache        : Saved request http://localhost:8080/tournaments?continue to session
2024-12-15T18:24:02.630+01:00 DEBUG 268278 --- [gamehub] [http-nio-8080-exec-2] o.s.s.web.DefaultRedirectStrategy        : Redirecting to http://localhost:8080/login
2024-12-15T18:24:02.636+01:00 DEBUG 268278 --- [gamehub] [http-nio-8080-exec-1] o.s.security.web.FilterChainProxy        : Securing GET /login
2024-12-15T18:24:02.637+01:00 DEBUG 268278 --- [gamehub] [http-nio-8080-exec-1] o.s.security.web.FilterChainProxy        : Secured GET /login
2024-12-15T18:24:02.805+01:00 DEBUG 268278 --- [gamehub] [http-nio-8080-exec-1] o.s.s.w.a.AnonymousAuthenticationFilter  : Set SecurityContextHolder to anonymous SecurityContext
2024-12-15T18:24:02.872+01:00 DEBUG 268278 --- [gamehub] [http-nio-8080-exec-4] o.s.security.web.FilterChainProxy        : Securing GET /css/form.css
2024-12-15T18:24:02.872+01:00 DEBUG 268278 --- [gamehub] [http-nio-8080-exec-3] o.s.security.web.FilterChainProxy        : Securing GET /css/style.css
2024-12-15T18:24:02.874+01:00 DEBUG 268278 --- [gamehub] [http-nio-8080-exec-3] o.s.security.web.FilterChainProxy        : Secured GET /css/style.css
2024-12-15T18:24:02.874+01:00 DEBUG 268278 --- [gamehub] [http-nio-8080-exec-4] o.s.security.web.FilterChainProxy        : Secured GET /css/form.css
2024-12-15T18:24:02.885+01:00 DEBUG 268278 --- [gamehub] [http-nio-8080-exec-4] o.s.s.w.a.AnonymousAuthenticationFilter  : Set SecurityContextHolder to anonymous SecurityContext
2024-12-15T18:24:02.885+01:00 DEBUG 268278 --- [gamehub] [http-nio-8080-exec-3] o.s.s.w.a.AnonymousAuthenticationFilter  : Set SecurityContextHolder to anonymous SecurityContext
2024-12-15T18:24:08.237+01:00 DEBUG 268278 --- [gamehub] [http-nio-8080-exec-5] o.s.security.web.FilterChainProxy        : Securing POST /login
2024-12-15T18:24:08.480+01:00 DEBUG 268278 --- [gamehub] [http-nio-8080-exec-5] o.s.s.a.dao.DaoAuthenticationProvider    : Authenticated user
2024-12-15T18:24:08.481+01:00 DEBUG 268278 --- [gamehub] [http-nio-8080-exec-5] .s.ChangeSessionIdAuthenticationStrategy : Changed session id from B09E96D0C37AB177CFC1002D18AD345D
2024-12-15T18:24:08.482+01:00 DEBUG 268278 --- [gamehub] [http-nio-8080-exec-5] w.c.HttpSessionSecurityContextRepository : Stored SecurityContextImpl [Authentication=UsernamePasswordAuthenticationToken [Principal=org.springframework.security.core.userdetails.User [Username=pikmin53, Password=[PROTECTED], Enabled=true, AccountNonExpired=true, CredentialsNonExpired=true, AccountNonLocked=true, Granted Authorities=[ROLE_USER]], Credentials=[PROTECTED], Authenticated=true, Details=WebAuthenticationDetails [RemoteIpAddress=0:0:0:0:0:0:0:1, SessionId=B09E96D0C37AB177CFC1002D18AD345D], Granted Authorities=[ROLE_USER]]] to HttpSession [org.apache.catalina.session.StandardSessionFacade@1a4de085]
2024-12-15T18:24:08.482+01:00 DEBUG 268278 --- [gamehub] [http-nio-8080-exec-5] w.a.UsernamePasswordAuthenticationFilter : Set SecurityContextHolder to UsernamePasswordAuthenticationToken [Principal=org.springframework.security.core.userdetails.User [Username=pikmin53, Password=[PROTECTED], Enabled=true, AccountNonExpired=true, CredentialsNonExpired=true, AccountNonLocked=true, Granted Authorities=[ROLE_USER]], Credentials=[PROTECTED], Authenticated=true, Details=WebAuthenticationDetails [RemoteIpAddress=0:0:0:0:0:0:0:1, SessionId=B09E96D0C37AB177CFC1002D18AD345D], Granted Authorities=[ROLE_USER]]
2024-12-15T18:24:08.482+01:00 DEBUG 268278 --- [gamehub] [http-nio-8080-exec-5] o.s.s.web.DefaultRedirectStrategy        : Redirecting to http://localhost:8080/tournaments?continue
2024-12-15T18:24:08.486+01:00 DEBUG 268278 --- [gamehub] [http-nio-8080-exec-6] o.s.security.web.FilterChainProxy        : Securing GET /tournaments?continue
2024-12-15T18:24:08.487+01:00 DEBUG 268278 --- [gamehub] [http-nio-8080-exec-6] o.s.s.w.s.HttpSessionRequestCache        : Loaded matching saved request http://localhost:8080/tournaments?continue
2024-12-15T18:24:08.490+01:00 DEBUG 268278 --- [gamehub] [http-nio-8080-exec-6] w.c.HttpSessionSecurityContextRepository : Retrieved SecurityContextImpl [Authentication=UsernamePasswordAuthenticationToken [Principal=org.springframework.security.core.userdetails.User [Username=pikmin53, Password=[PROTECTED], Enabled=true, AccountNonExpired=true, CredentialsNonExpired=true, AccountNonLocked=true, Granted Authorities=[ROLE_USER]], Credentials=[PROTECTED], Authenticated=true, Details=WebAuthenticationDetails [RemoteIpAddress=0:0:0:0:0:0:0:1, SessionId=B09E96D0C37AB177CFC1002D18AD345D], Granted Authorities=[ROLE_USER]]]
2024-12-15T18:24:08.490+01:00 DEBUG 268278 --- [gamehub] [http-nio-8080-exec-6] o.s.security.web.FilterChainProxy        : Secured GET /tournaments?continue
2024-12-15T18:24:08.536+01:00 DEBUG 268278 --- [gamehub] [http-nio-8080-exec-7] o.s.security.web.FilterChainProxy        : Securing GET /
2024-12-15T18:24:08.537+01:00 DEBUG 268278 --- [gamehub] [http-nio-8080-exec-7] o.s.security.web.FilterChainProxy        : Secured GET /
2024-12-15T18:24:08.592+01:00 DEBUG 268278 --- [gamehub] [http-nio-8080-exec-7] w.c.HttpSessionSecurityContextRepository : Retrieved SecurityContextImpl [Authentication=UsernamePasswordAuthenticationToken [Principal=org.springframework.security.core.userdetails.User [Username=pikmin53, Password=[PROTECTED], Enabled=true, AccountNonExpired=true, CredentialsNonExpired=true, AccountNonLocked=true, Granted Authorities=[ROLE_USER]], Credentials=[PROTECTED], Authenticated=true, Details=WebAuthenticationDetails [RemoteIpAddress=0:0:0:0:0:0:0:1, SessionId=B09E96D0C37AB177CFC1002D18AD345D], Granted Authorities=[ROLE_USER]]]
2024-12-15T18:24:08.637+01:00 DEBUG 268278 --- [gamehub] [http-nio-8080-exec-8] o.s.security.web.FilterChainProxy        : Securing GET /css/style.css
2024-12-15T18:24:08.638+01:00 DEBUG 268278 --- [gamehub] [http-nio-8080-exec-8] o.s.security.web.FilterChainProxy        : Secured GET /css/style.css
2024-12-15T18:24:08.642+01:00 DEBUG 268278 --- [gamehub] [http-nio-8080-exec-9] o.s.security.web.FilterChainProxy        : Securing GET /css/game.css
2024-12-15T18:24:08.642+01:00 DEBUG 268278 --- [gamehub] [http-nio-8080-exec-4] o.s.security.web.FilterChainProxy        : Securing GET /image/minecraft.jpg
2024-12-15T18:24:08.642+01:00 DEBUG 268278 --- [gamehub] [http-nio-8080-exec-2] o.s.security.web.FilterChainProxy        : Securing GET /image/ssbu.jpg
2024-12-15T18:24:08.642+01:00 DEBUG 268278 --- [gamehub] [http-nio-8080-exec-10] o.s.security.web.FilterChainProxy        : Securing GET /image/fortnite.jpg
2024-12-15T18:24:08.641+01:00 DEBUG 268278 --- [gamehub] [http-nio-8080-exec-8] w.c.HttpSessionSecurityContextRepository : Retrieved SecurityContextImpl [Authentication=UsernamePasswordAuthenticationToken [Principal=org.springframework.security.core.userdetails.User [Username=pikmin53, Password=[PROTECTED], Enabled=true, AccountNonExpired=true, CredentialsNonExpired=true, AccountNonLocked=true, Granted Authorities=[ROLE_USER]], Credentials=[PROTECTED], Authenticated=true, Details=WebAuthenticationDetails [RemoteIpAddress=0:0:0:0:0:0:0:1, SessionId=B09E96D0C37AB177CFC1002D18AD345D], Granted Authorities=[ROLE_USER]]]
2024-12-15T18:24:08.642+01:00 DEBUG 268278 --- [gamehub] [http-nio-8080-exec-1] o.s.security.web.FilterChainProxy        : Securing GET /image/hades.jpg
2024-12-15T18:24:08.642+01:00 DEBUG 268278 --- [gamehub] [http-nio-8080-exec-9] o.s.security.web.FilterChainProxy        : Secured GET /css/game.css
2024-12-15T18:24:08.642+01:00 DEBUG 268278 --- [gamehub] [http-nio-8080-exec-4] o.s.security.web.FilterChainProxy        : Secured GET /image/minecraft.jpg
2024-12-15T18:24:08.642+01:00 DEBUG 268278 --- [gamehub] [http-nio-8080-exec-10] o.s.security.web.FilterChainProxy        : Secured GET /image/fortnite.jpg
2024-12-15T18:24:08.643+01:00 DEBUG 268278 --- [gamehub] [http-nio-8080-exec-2] o.s.security.web.FilterChainProxy        : Secured GET /image/ssbu.jpg
2024-12-15T18:24:08.643+01:00 DEBUG 268278 --- [gamehub] [http-nio-8080-exec-1] o.s.security.web.FilterChainProxy        : Secured GET /image/hades.jpg
2024-12-15T18:24:08.646+01:00 DEBUG 268278 --- [gamehub] [http-nio-8080-exec-9] w.c.HttpSessionSecurityContextRepository : Retrieved SecurityContextImpl [Authentication=UsernamePasswordAuthenticationToken [Principal=org.springframework.security.core.userdetails.User [Username=pikmin53, Password=[PROTECTED], Enabled=true, AccountNonExpired=true, CredentialsNonExpired=true, AccountNonLocked=true, Granted Authorities=[ROLE_USER]], Credentials=[PROTECTED], Authenticated=true, Details=WebAuthenticationDetails [RemoteIpAddress=0:0:0:0:0:0:0:1, SessionId=B09E96D0C37AB177CFC1002D18AD345D], Granted Authorities=[ROLE_USER]]]
2024-12-15T18:24:08.647+01:00 DEBUG 268278 --- [gamehub] [http-nio-8080-exec-1] w.c.HttpSessionSecurityContextRepository : Retrieved SecurityContextImpl [Authentication=UsernamePasswordAuthenticationToken [Principal=org.springframework.security.core.userdetails.User [Username=pikmin53, Password=[PROTECTED], Enabled=true, AccountNonExpired=true, CredentialsNonExpired=true, AccountNonLocked=true, Granted Authorities=[ROLE_USER]], Credentials=[PROTECTED], Authenticated=true, Details=WebAuthenticationDetails [RemoteIpAddress=0:0:0:0:0:0:0:1, SessionId=B09E96D0C37AB177CFC1002D18AD345D], Granted Authorities=[ROLE_USER]]]
2024-12-15T18:24:08.651+01:00 DEBUG 268278 --- [gamehub] [http-nio-8080-exec-10] w.c.HttpSessionSecurityContextRepository : Retrieved SecurityContextImpl [Authentication=UsernamePasswordAuthenticationToken [Principal=org.springframework.security.core.userdetails.User [Username=pikmin53, Password=[PROTECTED], Enabled=true, AccountNonExpired=true, CredentialsNonExpired=true, AccountNonLocked=true, Granted Authorities=[ROLE_USER]], Credentials=[PROTECTED], Authenticated=true, Details=WebAuthenticationDetails [RemoteIpAddress=0:0:0:0:0:0:0:1, SessionId=B09E96D0C37AB177CFC1002D18AD345D], Granted Authorities=[ROLE_USER]]]
2024-12-15T18:24:08.653+01:00 DEBUG 268278 --- [gamehub] [http-nio-8080-exec-2] w.c.HttpSessionSecurityContextRepository : Retrieved SecurityContextImpl [Authentication=UsernamePasswordAuthenticationToken [Principal=org.springframework.security.core.userdetails.User [Username=pikmin53, Password=[PROTECTED], Enabled=true, AccountNonExpired=true, CredentialsNonExpired=true, AccountNonLocked=true, Granted Authorities=[ROLE_USER]], Credentials=[PROTECTED], Authenticated=true, Details=WebAuthenticationDetails [RemoteIpAddress=0:0:0:0:0:0:0:1, SessionId=B09E96D0C37AB177CFC1002D18AD345D], Granted Authorities=[ROLE_USER]]]
2024-12-15T18:24:08.654+01:00 DEBUG 268278 --- [gamehub] [http-nio-8080-exec-4] w.c.HttpSessionSecurityContextRepository : Retrieved SecurityContextImpl [Authentication=UsernamePasswordAuthenticationToken [Principal=org.springframework.security.core.userdetails.User [Username=pikmin53, Password=[PROTECTED], Enabled=true, AccountNonExpired=true, CredentialsNonExpired=true, AccountNonLocked=true, Granted Authorities=[ROLE_USER]], Credentials=[PROTECTED], Authenticated=true, Details=WebAuthenticationDetails [RemoteIpAddress=0:0:0:0:0:0:0:1, SessionId=B09E96D0C37AB177CFC1002D18AD345D], Granted Authorities=[ROLE_USER]]]
2024-12-15T18:24:08.658+01:00 DEBUG 268278 --- [gamehub] [http-nio-8080-exec-1] o.s.security.web.FilterChainProxy        : Securing GET /error
2024-12-15T18:24:08.659+01:00 DEBUG 268278 --- [gamehub] [http-nio-8080-exec-1] w.c.HttpSessionSecurityContextRepository : Retrieved SecurityContextImpl [Authentication=UsernamePasswordAuthenticationToken [Principal=org.springframework.security.core.userdetails.User [Username=pikmin53, Password=[PROTECTED], Enabled=true, AccountNonExpired=true, CredentialsNonExpired=true, AccountNonLocked=true, Granted Authorities=[ROLE_USER]], Credentials=[PROTECTED], Authenticated=true, Details=WebAuthenticationDetails [RemoteIpAddress=0:0:0:0:0:0:0:1, SessionId=B09E96D0C37AB177CFC1002D18AD345D], Granted Authorities=[ROLE_USER]]]
2024-12-15T18:24:08.660+01:00 DEBUG 268278 --- [gamehub] [http-nio-8080-exec-1] o.s.security.web.FilterChainProxy        : Secured GET /error
2024-12-15T18:24:08.778+01:00 DEBUG 268278 --- [gamehub] [http-nio-8080-exec-5] o.s.security.web.FilterChainProxy        : Securing GET /image/ssbu.jpg
2024-12-15T18:24:08.778+01:00 DEBUG 268278 --- [gamehub] [http-nio-8080-exec-3] o.s.security.web.FilterChainProxy        : Securing GET /image/minecraft.jpg
2024-12-15T18:24:08.778+01:00 DEBUG 268278 --- [gamehub] [http-nio-8080-exec-6] o.s.security.web.FilterChainProxy        : Securing GET /image/fortnite.jpg
2024-12-15T18:24:08.779+01:00 DEBUG 268278 --- [gamehub] [http-nio-8080-exec-5] o.s.security.web.FilterChainProxy        : Secured GET /image/ssbu.jpg
2024-12-15T18:24:08.779+01:00 DEBUG 268278 --- [gamehub] [http-nio-8080-exec-3] o.s.security.web.FilterChainProxy        : Secured GET /image/minecraft.jpg
2024-12-15T18:24:08.779+01:00 DEBUG 268278 --- [gamehub] [http-nio-8080-exec-6] o.s.security.web.FilterChainProxy        : Secured GET /image/fortnite.jpg
2024-12-15T18:24:08.789+01:00 DEBUG 268278 --- [gamehub] [http-nio-8080-exec-6] w.c.HttpSessionSecurityContextRepository : Retrieved SecurityContextImpl [Authentication=UsernamePasswordAuthenticationToken [Principal=org.springframework.security.core.userdetails.User [Username=pikmin53, Password=[PROTECTED], Enabled=true, AccountNonExpired=true, CredentialsNonExpired=true, AccountNonLocked=true, Granted Authorities=[ROLE_USER]], Credentials=[PROTECTED], Authenticated=true, Details=WebAuthenticationDetails [RemoteIpAddress=0:0:0:0:0:0:0:1, SessionId=B09E96D0C37AB177CFC1002D18AD345D], Granted Authorities=[ROLE_USER]]]
2024-12-15T18:24:08.791+01:00 DEBUG 268278 --- [gamehub] [http-nio-8080-exec-3] w.c.HttpSessionSecurityContextRepository : Retrieved SecurityContextImpl [Authentication=UsernamePasswordAuthenticationToken [Principal=org.springframework.security.core.userdetails.User [Username=pikmin53, Password=[PROTECTED], Enabled=true, AccountNonExpired=true, CredentialsNonExpired=true, AccountNonLocked=true, Granted Authorities=[ROLE_USER]], Credentials=[PROTECTED], Authenticated=true, Details=WebAuthenticationDetails [RemoteIpAddress=0:0:0:0:0:0:0:1, SessionId=B09E96D0C37AB177CFC1002D18AD345D], Granted Authorities=[ROLE_USER]]]
2024-12-15T18:24:08.794+01:00 DEBUG 268278 --- [gamehub] [http-nio-8080-exec-5] w.c.HttpSessionSecurityContextRepository : Retrieved SecurityContextImpl [Authentication=UsernamePasswordAuthenticationToken [Principal=org.springframework.security.core.userdetails.User [Username=pikmin53, Password=[PROTECTED], Enabled=true, AccountNonExpired=true, CredentialsNonExpired=true, AccountNonLocked=true, Granted Authorities=[ROLE_USER]], Credentials=[PROTECTED], Authenticated=true, Details=WebAuthenticationDetails [RemoteIpAddress=0:0:0:0:0:0:0:1, SessionId=B09E96D0C37AB177CFC1002D18AD345D], Granted Authorities=[ROLE_USER]]]
2024-12-15T18:24:08.798+01:00 DEBUG 268278 --- [gamehub] [http-nio-8080-exec-7] o.s.security.web.FilterChainProxy        : Securing GET /image/hades.jpg
2024-12-15T18:24:08.799+01:00 DEBUG 268278 --- [gamehub] [http-nio-8080-exec-7] o.s.security.web.FilterChainProxy        : Secured GET /image/hades.jpg
2024-12-15T18:24:08.805+01:00 DEBUG 268278 --- [gamehub] [http-nio-8080-exec-7] w.c.HttpSessionSecurityContextRepository : Retrieved SecurityContextImpl [Authentication=UsernamePasswordAuthenticationToken [Principal=org.springframework.security.core.userdetails.User [Username=pikmin53, Password=[PROTECTED], Enabled=true, AccountNonExpired=true, CredentialsNonExpired=true, AccountNonLocked=true, Granted Authorities=[ROLE_USER]], Credentials=[PROTECTED], Authenticated=true, Details=WebAuthenticationDetails [RemoteIpAddress=0:0:0:0:0:0:0:1, SessionId=B09E96D0C37AB177CFC1002D18AD345D], Granted Authorities=[ROLE_USER]]]
2024-12-15T18:24:08.806+01:00 DEBUG 268278 --- [gamehub] [http-nio-8080-exec-7] o.s.security.web.FilterChainProxy        : Securing GET /error
2024-12-15T18:24:08.807+01:00 DEBUG 268278 --- [gamehub] [http-nio-8080-exec-7] w.c.HttpSessionSecurityContextRepository : Retrieved SecurityContextImpl [Authentication=UsernamePasswordAuthenticationToken [Principal=org.springframework.security.core.userdetails.User [Username=pikmin53, Password=[PROTECTED], Enabled=true, AccountNonExpired=true, CredentialsNonExpired=true, AccountNonLocked=true, Granted Authorities=[ROLE_USER]], Credentials=[PROTECTED], Authenticated=true, Details=WebAuthenticationDetails [RemoteIpAddress=0:0:0:0:0:0:0:1, SessionId=B09E96D0C37AB177CFC1002D18AD345D], Granted Authorities=[ROLE_USER]]]
2024-12-15T18:24:08.807+01:00 DEBUG 268278 --- [gamehub] [http-nio-8080-exec-7] o.s.security.web.FilterChainProxy        : Secured GET /error
2024-12-15T18:24:18.838+01:00 DEBUG 268278 --- [gamehub] [http-nio-8080-exec-8] o.s.security.web.FilterChainProxy        : Securing GET /tournaments
2024-12-15T18:24:18.840+01:00 DEBUG 268278 --- [gamehub] [http-nio-8080-exec-8] w.c.HttpSessionSecurityContextRepository : Retrieved SecurityContextImpl [Authentication=UsernamePasswordAuthenticationToken [Principal=org.springframework.security.core.userdetails.User [Username=pikmin53, Password=[PROTECTED], Enabled=true, AccountNonExpired=true, CredentialsNonExpired=true, AccountNonLocked=true, Granted Authorities=[ROLE_USER]], Credentials=[PROTECTED], Authenticated=true, Details=WebAuthenticationDetails [RemoteIpAddress=0:0:0:0:0:0:0:1, SessionId=B09E96D0C37AB177CFC1002D18AD345D], Granted Authorities=[ROLE_USER]]]
2024-12-15T18:24:18.840+01:00 DEBUG 268278 --- [gamehub] [http-nio-8080-exec-8] o.s.security.web.FilterChainProxy        : Secured GET /tournaments
2024-12-15T18:24:18.915+01:00 DEBUG 268278 --- [gamehub] [http-nio-8080-exec-9] o.s.security.web.FilterChainProxy        : Securing GET /css/style.css
2024-12-15T18:24:18.915+01:00 DEBUG 268278 --- [gamehub] [http-nio-8080-exec-10] o.s.security.web.FilterChainProxy        : Securing GET /css/tournaments.css
2024-12-15T18:24:18.917+01:00 DEBUG 268278 --- [gamehub] [http-nio-8080-exec-10] o.s.security.web.FilterChainProxy        : Secured GET /css/tournaments.css
2024-12-15T18:24:18.917+01:00 DEBUG 268278 --- [gamehub] [http-nio-8080-exec-9] o.s.security.web.FilterChainProxy        : Secured GET /css/style.css
2024-12-15T18:24:18.927+01:00 DEBUG 268278 --- [gamehub] [http-nio-8080-exec-9] w.c.HttpSessionSecurityContextRepository : Retrieved SecurityContextImpl [Authentication=UsernamePasswordAuthenticationToken [Principal=org.springframework.security.core.userdetails.User [Username=pikmin53, Password=[PROTECTED], Enabled=true, AccountNonExpired=true, CredentialsNonExpired=true, AccountNonLocked=true, Granted Authorities=[ROLE_USER]], Credentials=[PROTECTED], Authenticated=true, Details=WebAuthenticationDetails [RemoteIpAddress=0:0:0:0:0:0:0:1, SessionId=B09E96D0C37AB177CFC1002D18AD345D], Granted Authorities=[ROLE_USER]]]
2024-12-15T18:24:18.928+01:00 DEBUG 268278 --- [gamehub] [http-nio-8080-exec-10] w.c.HttpSessionSecurityContextRepository : Retrieved SecurityContextImpl [Authentication=UsernamePasswordAuthenticationToken [Principal=org.springframework.security.core.userdetails.User [Username=pikmin53, Password=[PROTECTED], Enabled=true, AccountNonExpired=true, CredentialsNonExpired=true, AccountNonLocked=true, Granted Authorities=[ROLE_USER]], Credentials=[PROTECTED], Authenticated=true, Details=WebAuthenticationDetails [RemoteIpAddress=0:0:0:0:0:0:0:1, SessionId=B09E96D0C37AB177CFC1002D18AD345D], Granted Authorities=[ROLE_USER]]]
2024-12-15T18:24:18.942+01:00 DEBUG 268278 --- [gamehub] [http-nio-8080-exec-2] o.s.security.web.FilterChainProxy        : Securing GET /css/style.css
2024-12-15T18:24:18.943+01:00 DEBUG 268278 --- [gamehub] [http-nio-8080-exec-2] o.s.security.web.FilterChainProxy        : Secured GET /css/style.css
2024-12-15T18:24:18.945+01:00 DEBUG 268278 --- [gamehub] [http-nio-8080-exec-2] w.c.HttpSessionSecurityContextRepository : Retrieved SecurityContextImpl [Authentication=UsernamePasswordAuthenticationToken [Principal=org.springframework.security.core.userdetails.User [Username=pikmin53, Password=[PROTECTED], Enabled=true, AccountNonExpired=true, CredentialsNonExpired=true, AccountNonLocked=true, Granted Authorities=[ROLE_USER]], Credentials=[PROTECTED], Authenticated=true, Details=WebAuthenticationDetails [RemoteIpAddress=0:0:0:0:0:0:0:1, SessionId=B09E96D0C37AB177CFC1002D18AD345D], Granted Authorities=[ROLE_USER]]]
2024-12-15T18:25:29.560+01:00 DEBUG 268278 --- [gamehub] [http-nio-8080-exec-8] o.s.security.web.FilterChainProxy        : Securing POST /h2-console/login.do?jsessionid=d0394753b67e9ffcace01901dfcef5a6
2024-12-15T18:25:29.561+01:00 DEBUG 268278 --- [gamehub] [http-nio-8080-exec-8] o.s.security.web.FilterChainProxy        : Secured POST /h2-console/login.do?jsessionid=d0394753b67e9ffcace01901dfcef5a6
2024-12-15T18:25:29.629+01:00 DEBUG 268278 --- [gamehub] [http-nio-8080-exec-10] o.s.security.web.FilterChainProxy        : Securing GET /h2-console/stylesheet.css
2024-12-15T18:25:29.630+01:00 DEBUG 268278 --- [gamehub] [http-nio-8080-exec-10] o.s.security.web.FilterChainProxy        : Secured GET /h2-console/stylesheet.css
2024-12-15T18:25:29.656+01:00 DEBUG 268278 --- [gamehub] [http-nio-8080-exec-9] o.s.security.web.FilterChainProxy        : Securing GET /h2-console/login.jsp?jsessionid=e8dcd0997b2cf61a88a83b284d8c0505
2024-12-15T18:25:29.657+01:00 DEBUG 268278 --- [gamehub] [http-nio-8080-exec-9] o.s.security.web.FilterChainProxy        : Secured GET /h2-console/login.jsp?jsessionid=e8dcd0997b2cf61a88a83b284d8c0505
2024-12-15T18:25:29.675+01:00 DEBUG 268278 --- [gamehub] [http-nio-8080-exec-2] o.s.security.web.FilterChainProxy        : Securing GET /h2-console/background.gif
2024-12-15T18:25:29.675+01:00 DEBUG 268278 --- [gamehub] [http-nio-8080-exec-2] o.s.security.web.FilterChainProxy        : Secured GET /h2-console/background.gif
2024-12-15T18:25:30.977+01:00 DEBUG 268278 --- [gamehub] [http-nio-8080-exec-1] o.s.security.web.FilterChainProxy        : Securing POST /h2-console/login.do?jsessionid=e8dcd0997b2cf61a88a83b284d8c0505
2024-12-15T18:25:30.978+01:00 DEBUG 268278 --- [gamehub] [http-nio-8080-exec-1] o.s.security.web.FilterChainProxy        : Secured POST /h2-console/login.do?jsessionid=e8dcd0997b2cf61a88a83b284d8c0505
2024-12-15T18:25:31.047+01:00 DEBUG 268278 --- [gamehub] [http-nio-8080-exec-3] o.s.security.web.FilterChainProxy        : Securing GET /h2-console/header.jsp?jsessionid=e8dcd0997b2cf61a88a83b284d8c0505
2024-12-15T18:25:31.049+01:00 DEBUG 268278 --- [gamehub] [http-nio-8080-exec-3] o.s.security.web.FilterChainProxy        : Secured GET /h2-console/header.jsp?jsessionid=e8dcd0997b2cf61a88a83b284d8c0505
2024-12-15T18:25:31.050+01:00 DEBUG 268278 --- [gamehub] [http-nio-8080-exec-4] o.s.security.web.FilterChainProxy        : Securing GET /h2-console/tables.do?jsessionid=e8dcd0997b2cf61a88a83b284d8c0505
2024-12-15T18:25:31.050+01:00 DEBUG 268278 --- [gamehub] [http-nio-8080-exec-4] o.s.security.web.FilterChainProxy        : Secured GET /h2-console/tables.do?jsessionid=e8dcd0997b2cf61a88a83b284d8c0505
2024-12-15T18:25:31.052+01:00 DEBUG 268278 --- [gamehub] [http-nio-8080-exec-6] o.s.security.web.FilterChainProxy        : Securing GET /h2-console/query.jsp?jsessionid=e8dcd0997b2cf61a88a83b284d8c0505
2024-12-15T18:25:31.054+01:00 DEBUG 268278 --- [gamehub] [http-nio-8080-exec-6] o.s.security.web.FilterChainProxy        : Secured GET /h2-console/query.jsp?jsessionid=e8dcd0997b2cf61a88a83b284d8c0505
2024-12-15T18:25:31.056+01:00 DEBUG 268278 --- [gamehub] [http-nio-8080-exec-5] o.s.security.web.FilterChainProxy        : Securing GET /h2-console/help.jsp?jsessionid=e8dcd0997b2cf61a88a83b284d8c0505
2024-12-15T18:25:31.057+01:00 DEBUG 268278 --- [gamehub] [http-nio-8080-exec-5] o.s.security.web.FilterChainProxy        : Secured GET /h2-console/help.jsp?jsessionid=e8dcd0997b2cf61a88a83b284d8c0505
2024-12-15T18:25:31.068+01:00 DEBUG 268278 --- [gamehub] [http-nio-8080-exec-5] o.s.security.web.FilterChainProxy        : Securing GET /h2-console/icon_disconnect.gif
2024-12-15T18:25:31.070+01:00 DEBUG 268278 --- [gamehub] [http-nio-8080-exec-5] o.s.security.web.FilterChainProxy        : Secured GET /h2-console/icon_disconnect.gif
2024-12-15T18:25:31.071+01:00 DEBUG 268278 --- [gamehub] [http-nio-8080-exec-8] o.s.security.web.FilterChainProxy        : Securing GET /h2-console/icon_line.gif
2024-12-15T18:25:31.072+01:00 DEBUG 268278 --- [gamehub] [http-nio-8080-exec-8] o.s.security.web.FilterChainProxy        : Secured GET /h2-console/icon_line.gif
2024-12-15T18:25:31.073+01:00 DEBUG 268278 --- [gamehub] [http-nio-8080-exec-10] o.s.security.web.FilterChainProxy        : Securing GET /h2-console/icon_refresh.gif
2024-12-15T18:25:31.074+01:00 DEBUG 268278 --- [gamehub] [http-nio-8080-exec-10] o.s.security.web.FilterChainProxy        : Secured GET /h2-console/icon_refresh.gif
2024-12-15T18:25:31.075+01:00 DEBUG 268278 --- [gamehub] [http-nio-8080-exec-9] o.s.security.web.FilterChainProxy        : Securing GET /h2-console/icon_commit.gif
2024-12-15T18:25:31.075+01:00 DEBUG 268278 --- [gamehub] [http-nio-8080-exec-2] o.s.security.web.FilterChainProxy        : Securing GET /h2-console/icon_rollback.gif
2024-12-15T18:25:31.076+01:00 DEBUG 268278 --- [gamehub] [http-nio-8080-exec-9] o.s.security.web.FilterChainProxy        : Secured GET /h2-console/icon_commit.gif
2024-12-15T18:25:31.077+01:00 DEBUG 268278 --- [gamehub] [http-nio-8080-exec-2] o.s.security.web.FilterChainProxy        : Secured GET /h2-console/icon_rollback.gif
2024-12-15T18:25:31.085+01:00 DEBUG 268278 --- [gamehub] [http-nio-8080-exec-1] o.s.security.web.FilterChainProxy        : Securing GET /h2-console/icon_run.gif
2024-12-15T18:25:31.085+01:00 DEBUG 268278 --- [gamehub] [http-nio-8080-exec-6] o.s.security.web.FilterChainProxy        : Securing GET /h2-console/icon_stop.gif
2024-12-15T18:25:31.085+01:00 DEBUG 268278 --- [gamehub] [http-nio-8080-exec-3] o.s.security.web.FilterChainProxy        : Securing GET /h2-console/icon_run_selected.gif
2024-12-15T18:25:31.086+01:00 DEBUG 268278 --- [gamehub] [http-nio-8080-exec-1] o.s.security.web.FilterChainProxy        : Secured GET /h2-console/icon_run.gif
2024-12-15T18:25:31.086+01:00 DEBUG 268278 --- [gamehub] [http-nio-8080-exec-6] o.s.security.web.FilterChainProxy        : Secured GET /h2-console/icon_stop.gif
2024-12-15T18:25:31.086+01:00 DEBUG 268278 --- [gamehub] [http-nio-8080-exec-3] o.s.security.web.FilterChainProxy        : Secured GET /h2-console/icon_run_selected.gif
2024-12-15T18:25:31.086+01:00 DEBUG 268278 --- [gamehub] [http-nio-8080-exec-7] o.s.security.web.FilterChainProxy        : Securing GET /h2-console/icon_history.gif
2024-12-15T18:25:31.087+01:00 DEBUG 268278 --- [gamehub] [http-nio-8080-exec-5] o.s.security.web.FilterChainProxy        : Securing GET /h2-console/icon_help.gif
2024-12-15T18:25:31.087+01:00 DEBUG 268278 --- [gamehub] [http-nio-8080-exec-7] o.s.security.web.FilterChainProxy        : Secured GET /h2-console/icon_history.gif
2024-12-15T18:25:31.087+01:00 DEBUG 268278 --- [gamehub] [http-nio-8080-exec-5] o.s.security.web.FilterChainProxy        : Secured GET /h2-console/icon_help.gif
2024-12-15T18:25:31.182+01:00 DEBUG 268278 --- [gamehub] [http-nio-8080-exec-8] o.s.security.web.FilterChainProxy        : Securing GET /h2-console/tree.js
2024-12-15T18:25:31.183+01:00 DEBUG 268278 --- [gamehub] [http-nio-8080-exec-8] o.s.security.web.FilterChainProxy        : Secured GET /h2-console/tree.js
2024-12-15T18:25:31.194+01:00 DEBUG 268278 --- [gamehub] [http-nio-8080-exec-2] o.s.security.web.FilterChainProxy        : Securing GET /h2-console/tree_database.gif
2024-12-15T18:25:31.194+01:00 DEBUG 268278 --- [gamehub] [http-nio-8080-exec-7] o.s.security.web.FilterChainProxy        : Securing GET /h2-console/tree_empty.gif
2024-12-15T18:25:31.194+01:00 DEBUG 268278 --- [gamehub] [http-nio-8080-exec-9] o.s.security.web.FilterChainProxy        : Securing GET /h2-console/tree_plus.gif
2024-12-15T18:25:31.194+01:00 DEBUG 268278 --- [gamehub] [http-nio-8080-exec-10] o.s.security.web.FilterChainProxy        : Securing GET /h2-console/tree_minus.gif
2024-12-15T18:25:31.194+01:00 DEBUG 268278 --- [gamehub] [http-nio-8080-exec-2] o.s.security.web.FilterChainProxy        : Secured GET /h2-console/tree_database.gif
2024-12-15T18:25:31.194+01:00 DEBUG 268278 --- [gamehub] [http-nio-8080-exec-9] o.s.security.web.FilterChainProxy        : Secured GET /h2-console/tree_plus.gif
2024-12-15T18:25:31.194+01:00 DEBUG 268278 --- [gamehub] [http-nio-8080-exec-7] o.s.security.web.FilterChainProxy        : Secured GET /h2-console/tree_empty.gif
2024-12-15T18:25:31.195+01:00 DEBUG 268278 --- [gamehub] [http-nio-8080-exec-10] o.s.security.web.FilterChainProxy        : Secured GET /h2-console/tree_minus.gif
2024-12-15T18:25:31.194+01:00 DEBUG 268278 --- [gamehub] [http-nio-8080-exec-1] o.s.security.web.FilterChainProxy        : Securing GET /h2-console/tree_column.gif
2024-12-15T18:25:31.194+01:00 DEBUG 268278 --- [gamehub] [http-nio-8080-exec-3] o.s.security.web.FilterChainProxy        : Securing GET /h2-console/tree_table.gif
2024-12-15T18:25:31.195+01:00 DEBUG 268278 --- [gamehub] [http-nio-8080-exec-3] o.s.security.web.FilterChainProxy        : Secured GET /h2-console/tree_table.gif
2024-12-15T18:25:31.195+01:00 DEBUG 268278 --- [gamehub] [http-nio-8080-exec-1] o.s.security.web.FilterChainProxy        : Secured GET /h2-console/tree_column.gif
2024-12-15T18:25:31.209+01:00 DEBUG 268278 --- [gamehub] [http-nio-8080-exec-4] o.s.security.web.FilterChainProxy        : Securing GET /h2-console/tree_index_az.gif
2024-12-15T18:25:31.209+01:00 DEBUG 268278 --- [gamehub] [http-nio-8080-exec-6] o.s.security.web.FilterChainProxy        : Securing GET /h2-console/tree_users.gif
2024-12-15T18:25:31.209+01:00 DEBUG 268278 --- [gamehub] [http-nio-8080-exec-8] o.s.security.web.FilterChainProxy        : Securing GET /h2-console/tree_folder.gif
2024-12-15T18:25:31.209+01:00 DEBUG 268278 --- [gamehub] [http-nio-8080-exec-5] o.s.security.web.FilterChainProxy        : Securing GET /h2-console/tree_type.gif
2024-12-15T18:25:31.210+01:00 DEBUG 268278 --- [gamehub] [http-nio-8080-exec-8] o.s.security.web.FilterChainProxy        : Secured GET /h2-console/tree_folder.gif
2024-12-15T18:25:31.210+01:00 DEBUG 268278 --- [gamehub] [http-nio-8080-exec-6] o.s.security.web.FilterChainProxy        : Secured GET /h2-console/tree_users.gif
2024-12-15T18:25:31.210+01:00 DEBUG 268278 --- [gamehub] [http-nio-8080-exec-4] o.s.security.web.FilterChainProxy        : Secured GET /h2-console/tree_index_az.gif
2024-12-15T18:25:31.210+01:00 DEBUG 268278 --- [gamehub] [http-nio-8080-exec-5] o.s.security.web.FilterChainProxy        : Secured GET /h2-console/tree_type.gif
2024-12-15T18:25:31.210+01:00 DEBUG 268278 --- [gamehub] [http-nio-8080-exec-2] o.s.security.web.FilterChainProxy        : Securing GET /h2-console/tree_index.gif
2024-12-15T18:25:31.210+01:00 DEBUG 268278 --- [gamehub] [http-nio-8080-exec-1] o.s.security.web.FilterChainProxy        : Securing GET /h2-console/tree_view.gif
2024-12-15T18:25:31.210+01:00 DEBUG 268278 --- [gamehub] [http-nio-8080-exec-2] o.s.security.web.FilterChainProxy        : Secured GET /h2-console/tree_index.gif
2024-12-15T18:25:31.210+01:00 DEBUG 268278 --- [gamehub] [http-nio-8080-exec-1] o.s.security.web.FilterChainProxy        : Secured GET /h2-console/tree_view.gif
2024-12-15T18:25:31.222+01:00 DEBUG 268278 --- [gamehub] [http-nio-8080-exec-3] o.s.security.web.FilterChainProxy        : Securing GET /h2-console/tree_info.gif
2024-12-15T18:25:31.222+01:00 DEBUG 268278 --- [gamehub] [http-nio-8080-exec-10] o.s.security.web.FilterChainProxy        : Securing GET /h2-console/tree_user.gif
2024-12-15T18:25:31.223+01:00 DEBUG 268278 --- [gamehub] [http-nio-8080-exec-10] o.s.security.web.FilterChainProxy        : Secured GET /h2-console/tree_user.gif
2024-12-15T18:25:31.223+01:00 DEBUG 268278 --- [gamehub] [http-nio-8080-exec-3] o.s.security.web.FilterChainProxy        : Secured GET /h2-console/tree_info.gif
2024-12-15T18:25:51.122+01:00 DEBUG 268278 --- [gamehub] [http-nio-8080-exec-9] o.s.security.web.FilterChainProxy        : Securing POST /h2-console/query.do?jsessionid=e8dcd0997b2cf61a88a83b284d8c0505
2024-12-15T18:25:51.123+01:00 DEBUG 268278 --- [gamehub] [http-nio-8080-exec-9] o.s.security.web.FilterChainProxy        : Secured POST /h2-console/query.do?jsessionid=e8dcd0997b2cf61a88a83b284d8c0505
2024-12-15T18:25:51.157+01:00 DEBUG 268278 --- [gamehub] [http-nio-8080-exec-7] o.s.security.web.FilterChainProxy        : Securing GET /h2-console/stylesheet.css
2024-12-15T18:25:51.159+01:00 DEBUG 268278 --- [gamehub] [http-nio-8080-exec-7] o.s.security.web.FilterChainProxy        : Secured GET /h2-console/stylesheet.css
2024-12-15T18:25:51.164+01:00 DEBUG 268278 --- [gamehub] [http-nio-8080-exec-6] o.s.security.web.FilterChainProxy        : Securing GET /h2-console/table.js
2024-12-15T18:25:51.166+01:00 DEBUG 268278 --- [gamehub] [http-nio-8080-exec-6] o.s.security.web.FilterChainProxy        : Secured GET /h2-console/table.js
2024-12-15T18:26:26.087+01:00  INFO 269608 --- [gamehub] [main] fr.gamehub.gamehub.GamehubApplication    : Starting GamehubApplication using Java 21.0.5 with PID 269608 (/home/cytech/Desktop/Gamehub/GameHub/gamehub/target/classes started by cytech in /home/cytech/Desktop/Gamehub/GameHub)
2024-12-15T18:26:26.089+01:00  INFO 269608 --- [gamehub] [main] fr.gamehub.gamehub.GamehubApplication    : The following 1 profile is active: "dev"
2024-12-15T18:26:26.798+01:00  INFO 269608 --- [gamehub] [main] .s.d.r.c.RepositoryConfigurationDelegate : Bootstrapping Spring Data JPA repositories in DEFAULT mode.
2024-12-15T18:26:26.852+01:00  INFO 269608 --- [gamehub] [main] .s.d.r.c.RepositoryConfigurationDelegate : Finished Spring Data repository scanning in 49 ms. Found 9 JPA repository interfaces.
2024-12-15T18:26:27.504+01:00  INFO 269608 --- [gamehub] [main] o.s.b.w.embedded.tomcat.TomcatWebServer  : Tomcat initialized with port 8080 (http)
2024-12-15T18:26:27.524+01:00  INFO 269608 --- [gamehub] [main] o.apache.catalina.core.StandardService   : Starting service [Tomcat]
2024-12-15T18:26:27.524+01:00  INFO 269608 --- [gamehub] [main] o.apache.catalina.core.StandardEngine    : Starting Servlet engine: [Apache Tomcat/10.1.31]
2024-12-15T18:26:27.588+01:00  INFO 269608 --- [gamehub] [main] o.a.c.c.C.[Tomcat].[localhost].[/]       : Initializing Spring embedded WebApplicationContext
2024-12-15T18:26:27.589+01:00  INFO 269608 --- [gamehub] [main] w.s.c.ServletWebServerApplicationContext : Root WebApplicationContext: initialization completed in 1456 ms
2024-12-15T18:26:27.646+01:00  INFO 269608 --- [gamehub] [main] com.zaxxer.hikari.HikariDataSource       : HikariPool-1 - Starting...
2024-12-15T18:26:27.990+01:00  INFO 269608 --- [gamehub] [main] com.zaxxer.hikari.pool.HikariPool        : HikariPool-1 - Added connection conn0: url=jdbc:h2:file:C:/Gamehub/test/testdb user=SA
2024-12-15T18:26:27.994+01:00  INFO 269608 --- [gamehub] [main] com.zaxxer.hikari.HikariDataSource       : HikariPool-1 - Start completed.
2024-12-15T18:26:28.013+01:00  INFO 269608 --- [gamehub] [main] o.s.b.a.h2.H2ConsoleAutoConfiguration    : H2 console available at '/h2-console'. Database available at 'jdbc:h2:file:C:/Gamehub/test/testdb'
2024-12-15T18:26:28.142+01:00 DEBUG 269608 --- [gamehub] [main] o.s.jdbc.datasource.init.ScriptUtils     : Executing SQL script from file [/home/cytech/Desktop/Gamehub/GameHub/gamehub/target/classes/data.sql]
2024-12-15T18:26:28.171+01:00 DEBUG 269608 --- [gamehub] [main] o.s.jdbc.datasource.init.ScriptUtils     : 1 returned as update count for SQL: INSERT INTO platform (name, launch_date, developer_studio) VALUES ('Nintendo Switch', '2017-03-03', 'Nintendo')
2024-12-15T18:26:28.173+01:00 DEBUG 269608 --- [gamehub] [main] o.s.jdbc.datasource.init.ScriptUtils     : 1 returned as update count for SQL: INSERT INTO platform (name, launch_date, developer_studio) VALUES ('PlayStation 4', '2013-11-15', 'Sony')
2024-12-15T18:26:28.174+01:00 DEBUG 269608 --- [gamehub] [main] o.s.jdbc.datasource.init.ScriptUtils     : 1 returned as update count for SQL: INSERT INTO platform (name, launch_date, developer_studio) VALUES ('PlayStation 5', '2020-11-12', 'Sony')
2024-12-15T18:26:28.175+01:00 DEBUG 269608 --- [gamehub] [main] o.s.jdbc.datasource.init.ScriptUtils     : 1 returned as update count for SQL: INSERT INTO platform (name, launch_date, developer_studio) VALUES ('Xbox One', '2013-11-22', 'Microsoft')
2024-12-15T18:26:28.176+01:00 DEBUG 269608 --- [gamehub] [main] o.s.jdbc.datasource.init.ScriptUtils     : 1 returned as update count for SQL: INSERT INTO platform (name, launch_date, developer_studio) VALUES ('Xbox Series X', '2020-11-10', 'Microsoft')
2024-12-15T18:26:28.176+01:00 DEBUG 269608 --- [gamehub] [main] o.s.jdbc.datasource.init.ScriptUtils     : 1 returned as update count for SQL: INSERT INTO platform (name, launch_date, developer_studio) VALUES ('PC', '1981-08-12', 'IBM')
2024-12-15T18:26:28.177+01:00 DEBUG 269608 --- [gamehub] [main] o.s.jdbc.datasource.init.ScriptUtils     : 1 returned as update count for SQL: INSERT INTO platform (name, launch_date, developer_studio) VALUES ('Nintendo 3DS', '2011-02-26', 'Nintendo')
2024-12-15T18:26:28.178+01:00 DEBUG 269608 --- [gamehub] [main] o.s.jdbc.datasource.init.ScriptUtils     : 1 returned as update count for SQL: INSERT INTO platform (name, launch_date, developer_studio) VALUES ('PlayStation Vita', '2011-12-17', 'Sony')
2024-12-15T18:26:28.179+01:00 DEBUG 269608 --- [gamehub] [main] o.s.jdbc.datasource.init.ScriptUtils     : 1 returned as update count for SQL: INSERT INTO platform (name, launch_date, developer_studio) VALUES ('Mobile', '2007-01-09', 'Various')
2024-12-15T18:26:28.179+01:00 DEBUG 269608 --- [gamehub] [main] o.s.jdbc.datasource.init.ScriptUtils     : 1 returned as update count for SQL: INSERT INTO platform (name, launch_date, developer_studio) VALUES ('Mac', '1984-01-24', 'Apple')
2024-12-15T18:26:28.180+01:00 DEBUG 269608 --- [gamehub] [main] o.s.jdbc.datasource.init.ScriptUtils     : 1 returned as update count for SQL: INSERT INTO platform (name, launch_date, developer_studio) VALUES ('Linux', '1991-08-25', 'Community')
2024-12-15T18:26:28.181+01:00 DEBUG 269608 --- [gamehub] [main] o.s.jdbc.datasource.init.ScriptUtils     : 1 returned as update count for SQL: INSERT INTO platform (name, launch_date, developer_studio) VALUES ('Stadia', '2019-11-19', 'Google')
2024-12-15T18:26:28.187+01:00 DEBUG 269608 --- [gamehub] [main] o.s.jdbc.datasource.init.ScriptUtils     : 31 returned as update count for SQL: INSERT INTO game (name, release_year, developer_studio, genre, image_url, description) VALUES ('League of Legends', 2009, 'Riot Games', 'Multiplayer', 'league_of_legends.jpg', 'Un jeu de stratgie multijoueur en ligne o deux quipes saffrontent pour dtruire la base ennemie.'), ('Dota 2', 2013, 'Valve', 'Multiplayer', 'dota2.jpg', 'Un jeu MOBA comptitif o deux quipes de 5 joueurs saffrontent dans des batailles stratgiques.'), ('Counter-Strike: Global Offensive', 2012, 'Valve', 'Multiplayer', 'csgo.jpg', 'Un jeu de tir tactique multijoueur avec des quipes terroristes et antiterroristes.'), ('Valorant', 2020, 'Riot Games', 'Multiplayer', 'valorant.jpg', 'Un jeu de tir tactique multijoueur avec des agents ayant des capacits uniques.'), ('Fortnite', 2017, 'Epic Games', 'Multiplayer', 'fortnite.jpg', 'Un Battle Royale multijoueur o 100 joueurs saffrontent pour tre le dernier survivant.'), ('Call of Duty: Warzone', 2020, 'Infinity Ward', 'Multiplayer', 'warzone.jpg', 'Un Battle Royale multijoueur o les joueurs saffrontent sur des cartes gigantesques.'), ('PUBG: Battlegrounds', 2017, 'Krafton', 'Multiplayer', 'pubg.jpg', 'Un jeu Battle Royale o jusqu 100 joueurs se battent pour survivre sur une le.'), ('Overwatch', 2016, 'Blizzard Entertainment', 'Multiplayer', 'overwatch.jpg', 'Un jeu de tir multijoueur bas sur des hros avec des capacits uniques.'), ('Rocket League', 2015, 'Psyonix', 'Multiplayer', 'rocket_league.jpg', 'Un jeu multijoueur o le football est jou avec des voitures quipes de fuses.'), ('Rainbow Six Siege', 2015, 'Ubisoft', 'Multiplayer', 'rainbow_six.jpg', 'Un jeu de tir tactique multijoueur mettant laccent sur la stratgie et le travail dquipe.'), ('Apex Legends', 2019, 'Respawn Entertainment', 'Multiplayer', 'apex_legends.jpg', 'Un Battle Royale multijoueur avec des lgendes ayant des comptences spcifiques.'), ('Super Smash Bros. Ultimate', 2018, 'Nintendo', 'Multiplayer', 'ssbu.jpg', 'Un jeu de combat multijoueur rassemblant des personnages emblmatiques.'), ('Street Fighter V', 2016, 'Capcom', 'Multiplayer', 'street_fighter_v.jpg', 'Un jeu de combat comptitif parfait pour les tournois multijoueurs.'), ('Tekken 7', 2015, 'Bandai Namco', 'Multiplayer', 'tekken7.jpg', 'Un jeu de combat multijoueur o chaque personnage possde son propre style.'), ('Splatoon 3', 2022, 'Nintendo', 'Multiplayer', 'splatoon3.jpg', 'Un jeu multijoueur comptitif o des quipes saffrontent pour couvrir le terrain de peinture.'), ('Halo Infinite', 2021, '343 Industries', 'Multiplayer', 'halo_infinite.jpg', 'Un jeu de tir multijoueur dans lunivers emblmatique de Halo.'), ('Fall Guys: Ultimate Knockout', 2020, 'Mediatonic', 'Multiplayer', 'fall_guys.jpg', 'Un jeu multijoueur amusant o des joueurs saffrontent dans des mini-jeux chaotiques.'), ('Battlefield 2042', 2021, 'DICE', 'Multiplayer', 'battlefield_2042.jpg', 'Un jeu de tir multijoueur avec des combats massifs et des cartes gigantesques.'), ('FIFA 23', 2022, 'EA Sports', 'Multiplayer', 'fifa23.jpg', 'Un jeu de football multijoueur parfait pour des comptitions en ligne.'), ('NBA 2K23', 2022, 'Visual Concepts', 'Multiplayer', 'nba2k23.jpg', 'Un jeu de basket multijoueur idal pour les tournois comptitifs.'), ('Mario Kart 8 Deluxe', 2017, 'Nintendo', 'Multiplayer', 'mario_kart8.jpg', 'Un jeu de course multijoueur o des personnages Nintendo saffrontent sur des circuits varis.'), ('Elden Ring: Colosseum', 2022, 'FromSoftware', 'Multiplayer', 'elden_ring_colosseum.jpg', 'Un mode multijoueur comptitif ajout  Elden Ring pour les combats PvP.'), ('For Honor', 2017, 'Ubisoft', 'Multiplayer', 'for_honor.jpg', 'Un jeu de combat multijoueur mettant en scne des chevaliers, des samouras et des vikings.'), ('Chivalry 2', 2021, 'Torn Banner Studios', 'Multiplayer', 'chivalry2.jpg', 'Un jeu multijoueur de combat mdival immersif.'), ('Brawlhalla', 2017, 'Blue Mammoth Games', 'Multiplayer', 'brawlhalla.jpg', 'Un jeu de combat multijoueur gratuit dans un style cartoon.'), ('Smite', 2014, 'Hi-Rez Studios', 'Multiplayer', 'smite.jpg', 'Un MOBA o des dieux mythologiques saffrontent dans des batailles comptitives.'), ('StarCraft II', 2010, 'Blizzard Entertainment', 'Multiplayer', 'starcraft2.jpg', 'Un jeu de stratgie multijoueur en temps rel avec des combats intenses.'), ('Hearthstone', 2014, 'Blizzard Entertainment', 'Multiplayer', 'hearthstone.jpg', 'Un jeu de cartes multijoueur bas sur lunivers de Warcraft.'), ('Team Fortress 2', 2007, 'Valve', 'Multiplayer', 'tf2.jpg', 'Un jeu de tir multijoueur o des quipes saffrontent dans des modes varis.'), ('Among Us', 2018, 'InnerSloth', 'Multiplayer', 'among_us.jpg', 'Un jeu multijoueur de dduction sociale o des imposteurs sabotent lquipage.'), ('Minecraft', 2011, 'Mojang', 'Sandbox', 'mincraft.jpg', 'Minecraft est un jeu bac  sable o les joueurs peuvent explorer, construire et survivre dans un monde gnr de manire procdurale')
2024-12-15T18:26:28.190+01:00 DEBUG 269608 --- [gamehub] [main] o.s.jdbc.datasource.init.ScriptUtils     : 1 returned as update count for SQL: INSERT INTO game_platforms (game_id, platform_id) VALUES (1, 6)
2024-12-15T18:26:28.191+01:00 DEBUG 269608 --- [gamehub] [main] o.s.jdbc.datasource.init.ScriptUtils     : 1 returned as update count for SQL: INSERT INTO game_platforms (game_id, platform_id) VALUES (2, 6)
2024-12-15T18:26:28.192+01:00 DEBUG 269608 --- [gamehub] [main] o.s.jdbc.datasource.init.ScriptUtils     : 1 returned as update count for SQL: INSERT INTO game_platforms (game_id, platform_id) VALUES (3, 6)
2024-12-15T18:26:28.193+01:00 DEBUG 269608 --- [gamehub] [main] o.s.jdbc.datasource.init.ScriptUtils     : 1 returned as update count for SQL: INSERT INTO game_platforms (game_id, platform_id) VALUES (4, 6)
2024-12-15T18:26:28.195+01:00 DEBUG 269608 --- [gamehub] [main] o.s.jdbc.datasource.init.ScriptUtils     : 1 returned as update count for SQL: INSERT INTO game_platforms (game_id, platform_id) VALUES (5, 6)
2024-12-15T18:26:28.196+01:00 DEBUG 269608 --- [gamehub] [main] o.s.jdbc.datasource.init.ScriptUtils     : 1 returned as update count for SQL: INSERT INTO game_platforms (game_id, platform_id) VALUES (5, 4)
2024-12-15T18:26:28.197+01:00 DEBUG 269608 --- [gamehub] [main] o.s.jdbc.datasource.init.ScriptUtils     : 1 returned as update count for SQL: INSERT INTO game_platforms (game_id, platform_id) VALUES (5, 5)
2024-12-15T18:26:28.199+01:00 DEBUG 269608 --- [gamehub] [main] o.s.jdbc.datasource.init.ScriptUtils     : 1 returned as update count for SQL: INSERT INTO game_platforms (game_id, platform_id) VALUES (5, 1)
2024-12-15T18:26:28.200+01:00 DEBUG 269608 --- [gamehub] [main] o.s.jdbc.datasource.init.ScriptUtils     : 1 returned as update count for SQL: INSERT INTO game_platforms (game_id, platform_id) VALUES (6, 6)
2024-12-15T18:26:28.201+01:00 DEBUG 269608 --- [gamehub] [main] o.s.jdbc.datasource.init.ScriptUtils     : 1 returned as update count for SQL: INSERT INTO game_platforms (game_id, platform_id) VALUES (6, 4)
2024-12-15T18:26:28.202+01:00 DEBUG 269608 --- [gamehub] [main] o.s.jdbc.datasource.init.ScriptUtils     : 1 returned as update count for SQL: INSERT INTO game_platforms (game_id, platform_id) VALUES (6, 5)
2024-12-15T18:26:28.203+01:00 DEBUG 269608 --- [gamehub] [main] o.s.jdbc.datasource.init.ScriptUtils     : 1 returned as update count for SQL: INSERT INTO game_platforms (game_id, platform_id) VALUES (6, 2)
2024-12-15T18:26:28.205+01:00 DEBUG 269608 --- [gamehub] [main] o.s.jdbc.datasource.init.ScriptUtils     : 1 returned as update count for SQL: INSERT INTO game_platforms (game_id, platform_id) VALUES (6, 3)
2024-12-15T18:26:28.206+01:00 DEBUG 269608 --- [gamehub] [main] o.s.jdbc.datasource.init.ScriptUtils     : 1 returned as update count for SQL: INSERT INTO game_platforms (game_id, platform_id) VALUES (7, 6)
2024-12-15T18:26:28.207+01:00 DEBUG 269608 --- [gamehub] [main] o.s.jdbc.datasource.init.ScriptUtils     : 1 returned as update count for SQL: INSERT INTO game_platforms (game_id, platform_id) VALUES (7, 4)
2024-12-15T18:26:28.209+01:00 DEBUG 269608 --- [gamehub] [main] o.s.jdbc.datasource.init.ScriptUtils     : 1 returned as update count for SQL: INSERT INTO game_platforms (game_id, platform_id) VALUES (7, 1)
2024-12-15T18:26:28.210+01:00 DEBUG 269608 --- [gamehub] [main] o.s.jdbc.datasource.init.ScriptUtils     : 1 returned as update count for SQL: INSERT INTO game_platforms (game_id, platform_id) VALUES (8, 6)
2024-12-15T18:26:28.211+01:00 DEBUG 269608 --- [gamehub] [main] o.s.jdbc.datasource.init.ScriptUtils     : 1 returned as update count for SQL: INSERT INTO game_platforms (game_id, platform_id) VALUES (8, 4)
2024-12-15T18:26:28.213+01:00 DEBUG 269608 --- [gamehub] [main] o.s.jdbc.datasource.init.ScriptUtils     : 1 returned as update count for SQL: INSERT INTO game_platforms (game_id, platform_id) VALUES (8, 5)
2024-12-15T18:26:28.214+01:00 DEBUG 269608 --- [gamehub] [main] o.s.jdbc.datasource.init.ScriptUtils     : 1 returned as update count for SQL: INSERT INTO game_platforms (game_id, platform_id) VALUES (8, 2)
2024-12-15T18:26:28.215+01:00 DEBUG 269608 --- [gamehub] [main] o.s.jdbc.datasource.init.ScriptUtils     : 1 returned as update count for SQL: INSERT INTO game_platforms (game_id, platform_id) VALUES (8, 3)
2024-12-15T18:26:28.216+01:00 DEBUG 269608 --- [gamehub] [main] o.s.jdbc.datasource.init.ScriptUtils     : 1 returned as update count for SQL: INSERT INTO game_platforms (game_id, platform_id) VALUES (9, 6)
2024-12-15T18:26:28.216+01:00 DEBUG 269608 --- [gamehub] [main] o.s.jdbc.datasource.init.ScriptUtils     : 1 returned as update count for SQL: INSERT INTO game_platforms (game_id, platform_id) VALUES (9, 4)
2024-12-15T18:26:28.217+01:00 DEBUG 269608 --- [gamehub] [main] o.s.jdbc.datasource.init.ScriptUtils     : 1 returned as update count for SQL: INSERT INTO game_platforms (game_id, platform_id) VALUES (9, 5)
2024-12-15T18:26:28.218+01:00 DEBUG 269608 --- [gamehub] [main] o.s.jdbc.datasource.init.ScriptUtils     : 1 returned as update count for SQL: INSERT INTO game_platforms (game_id, platform_id) VALUES (9, 1)
2024-12-15T18:26:28.218+01:00 DEBUG 269608 --- [gamehub] [main] o.s.jdbc.datasource.init.ScriptUtils     : 1 returned as update count for SQL: INSERT INTO game_platforms (game_id, platform_id) VALUES (9, 2)
2024-12-15T18:26:28.219+01:00 DEBUG 269608 --- [gamehub] [main] o.s.jdbc.datasource.init.ScriptUtils     : 1 returned as update count for SQL: INSERT INTO game_platforms (game_id, platform_id) VALUES (9, 3)
2024-12-15T18:26:28.220+01:00 DEBUG 269608 --- [gamehub] [main] o.s.jdbc.datasource.init.ScriptUtils     : 1 returned as update count for SQL: INSERT INTO game_platforms (game_id, platform_id) VALUES (10, 6)
2024-12-15T18:26:28.221+01:00 DEBUG 269608 --- [gamehub] [main] o.s.jdbc.datasource.init.ScriptUtils     : 1 returned as update count for SQL: INSERT INTO game_platforms (game_id, platform_id) VALUES (10, 4)
2024-12-15T18:26:28.222+01:00 DEBUG 269608 --- [gamehub] [main] o.s.jdbc.datasource.init.ScriptUtils     : 1 returned as update count for SQL: INSERT INTO game_platforms (game_id, platform_id) VALUES (10, 5)
2024-12-15T18:26:28.224+01:00 DEBUG 269608 --- [gamehub] [main] o.s.jdbc.datasource.init.ScriptUtils     : 1 returned as update count for SQL: INSERT INTO game_platforms (game_id, platform_id) VALUES (10, 2)
2024-12-15T18:26:28.226+01:00 DEBUG 269608 --- [gamehub] [main] o.s.jdbc.datasource.init.ScriptUtils     : 1 returned as update count for SQL: INSERT INTO game_platforms (game_id, platform_id) VALUES (10, 3)
2024-12-15T18:26:28.228+01:00 DEBUG 269608 --- [gamehub] [main] o.s.jdbc.datasource.init.ScriptUtils     : 1 returned as update count for SQL: INSERT INTO game_platforms (game_id, platform_id) VALUES (11, 6)
2024-12-15T18:26:28.230+01:00 DEBUG 269608 --- [gamehub] [main] o.s.jdbc.datasource.init.ScriptUtils     : 1 returned as update count for SQL: INSERT INTO game_platforms (game_id, platform_id) VALUES (11, 4)
2024-12-15T18:26:28.232+01:00 DEBUG 269608 --- [gamehub] [main] o.s.jdbc.datasource.init.ScriptUtils     : 1 returned as update count for SQL: INSERT INTO game_platforms (game_id, platform_id) VALUES (11, 5)
2024-12-15T18:26:28.234+01:00 DEBUG 269608 --- [gamehub] [main] o.s.jdbc.datasource.init.ScriptUtils     : 1 returned as update count for SQL: INSERT INTO game_platforms (game_id, platform_id) VALUES (11, 2)
2024-12-15T18:26:28.236+01:00 DEBUG 269608 --- [gamehub] [main] o.s.jdbc.datasource.init.ScriptUtils     : 1 returned as update count for SQL: INSERT INTO game_platforms (game_id, platform_id) VALUES (11, 3)
2024-12-15T18:26:28.237+01:00 DEBUG 269608 --- [gamehub] [main] o.s.jdbc.datasource.init.ScriptUtils     : 1 returned as update count for SQL: INSERT INTO game_platforms (game_id, platform_id) VALUES (12, 1)
2024-12-15T18:26:28.239+01:00 DEBUG 269608 --- [gamehub] [main] o.s.jdbc.datasource.init.ScriptUtils     : 1 returned as update count for SQL: INSERT INTO game_platforms (game_id, platform_id) VALUES (13, 6)
2024-12-15T18:26:28.240+01:00 DEBUG 269608 --- [gamehub] [main] o.s.jdbc.datasource.init.ScriptUtils     : 1 returned as update count for SQL: INSERT INTO game_platforms (game_id, platform_id) VALUES (13, 2)
2024-12-15T18:26:28.242+01:00 DEBUG 269608 --- [gamehub] [main] o.s.jdbc.datasource.init.ScriptUtils     : 1 returned as update count for SQL: INSERT INTO game_platforms (game_id, platform_id) VALUES (14, 6)
2024-12-15T18:26:28.243+01:00 DEBUG 269608 --- [gamehub] [main] o.s.jdbc.datasource.init.ScriptUtils     : 1 returned as update count for SQL: INSERT INTO game_platforms (game_id, platform_id) VALUES (14, 4)
2024-12-15T18:26:28.245+01:00 DEBUG 269608 --- [gamehub] [main] o.s.jdbc.datasource.init.ScriptUtils     : 1 returned as update count for SQL: INSERT INTO game_platforms (game_id, platform_id) VALUES (14, 2)
2024-12-15T18:26:28.247+01:00 DEBUG 269608 --- [gamehub] [main] o.s.jdbc.datasource.init.ScriptUtils     : 1 returned as update count for SQL: INSERT INTO game_platforms (game_id, platform_id) VALUES (15, 1)
2024-12-15T18:26:28.248+01:00 DEBUG 269608 --- [gamehub] [main] o.s.jdbc.datasource.init.ScriptUtils     : 1 returned as update count for SQL: INSERT INTO game_platforms (game_id, platform_id) VALUES (16, 6)
2024-12-15T18:26:28.249+01:00 DEBUG 269608 --- [gamehub] [main] o.s.jdbc.datasource.init.ScriptUtils     : 1 returned as update count for SQL: INSERT INTO game_platforms (game_id, platform_id) VALUES (16, 5)
2024-12-15T18:26:28.250+01:00 DEBUG 269608 --- [gamehub] [main] o.s.jdbc.datasource.init.ScriptUtils     : 1 returned as update count for SQL: INSERT INTO game_platforms (game_id, platform_id) VALUES (16, 4)
2024-12-15T18:26:28.251+01:00 DEBUG 269608 --- [gamehub] [main] o.s.jdbc.datasource.init.ScriptUtils     : 1 returned as update count for SQL: INSERT INTO game_platforms (game_id, platform_id) VALUES (17, 6)
2024-12-15T18:26:28.252+01:00 DEBUG 269608 --- [gamehub] [main] o.s.jdbc.datasource.init.ScriptUtils     : 1 returned as update count for SQL: INSERT INTO game_platforms (game_id, platform_id) VALUES (17, 1)
2024-12-15T18:26:28.252+01:00 DEBUG 269608 --- [gamehub] [main] o.s.jdbc.datasource.init.ScriptUtils     : 1 returned as update count for SQL: INSERT INTO game_platforms (game_id, platform_id) VALUES (17, 4)
2024-12-15T18:26:28.253+01:00 DEBUG 269608 --- [gamehub] [main] o.s.jdbc.datasource.init.ScriptUtils     : 1 returned as update count for SQL: INSERT INTO game_platforms (game_id, platform_id) VALUES (17, 5)
2024-12-15T18:26:28.254+01:00 DEBUG 269608 --- [gamehub] [main] o.s.jdbc.datasource.init.ScriptUtils     : 1 returned as update count for SQL: INSERT INTO game_platforms (game_id, platform_id) VALUES (17, 2)
2024-12-15T18:26:28.255+01:00 DEBUG 269608 --- [gamehub] [main] o.s.jdbc.datasource.init.ScriptUtils     : 1 returned as update count for SQL: INSERT INTO game_platforms (game_id, platform_id) VALUES (17, 3)
2024-12-15T18:26:28.256+01:00 DEBUG 269608 --- [gamehub] [main] o.s.jdbc.datasource.init.ScriptUtils     : 1 returned as update count for SQL: INSERT INTO game_platforms (game_id, platform_id) VALUES (18, 6)
2024-12-15T18:26:28.258+01:00 DEBUG 269608 --- [gamehub] [main] o.s.jdbc.datasource.init.ScriptUtils     : 1 returned as update count for SQL: INSERT INTO game_platforms (game_id, platform_id) VALUES (18, 4)
2024-12-15T18:26:28.259+01:00 DEBUG 269608 --- [gamehub] [main] o.s.jdbc.datasource.init.ScriptUtils     : 1 returned as update count for SQL: INSERT INTO game_platforms (game_id, platform_id) VALUES (18, 5)
2024-12-15T18:26:28.261+01:00 DEBUG 269608 --- [gamehub] [main] o.s.jdbc.datasource.init.ScriptUtils     : 1 returned as update count for SQL: INSERT INTO game_platforms (game_id, platform_id) VALUES (18, 2)
2024-12-15T18:26:28.263+01:00 DEBUG 269608 --- [gamehub] [main] o.s.jdbc.datasource.init.ScriptUtils     : 1 returned as update count for SQL: INSERT INTO game_platforms (game_id, platform_id) VALUES (18, 3)
2024-12-15T18:26:28.265+01:00 DEBUG 269608 --- [gamehub] [main] o.s.jdbc.datasource.init.ScriptUtils     : 1 returned as update count for SQL: INSERT INTO game_platforms (game_id, platform_id) VALUES (19, 6)
2024-12-15T18:26:28.266+01:00 DEBUG 269608 --- [gamehub] [main] o.s.jdbc.datasource.init.ScriptUtils     : 1 returned as update count for SQL: INSERT INTO game_platforms (game_id, platform_id) VALUES (19, 4)
2024-12-15T18:26:28.266+01:00 DEBUG 269608 --- [gamehub] [main] o.s.jdbc.datasource.init.ScriptUtils     : 1 returned as update count for SQL: INSERT INTO game_platforms (game_id, platform_id) VALUES (19, 5)
2024-12-15T18:26:28.267+01:00 DEBUG 269608 --- [gamehub] [main] o.s.jdbc.datasource.init.ScriptUtils     : 1 returned as update count for SQL: INSERT INTO game_platforms (game_id, platform_id) VALUES (19, 2)
2024-12-15T18:26:28.267+01:00 DEBUG 269608 --- [gamehub] [main] o.s.jdbc.datasource.init.ScriptUtils     : 1 returned as update count for SQL: INSERT INTO game_platforms (game_id, platform_id) VALUES (19, 3)
2024-12-15T18:26:28.267+01:00 DEBUG 269608 --- [gamehub] [main] o.s.jdbc.datasource.init.ScriptUtils     : 1 returned as update count for SQL: INSERT INTO game_platforms (game_id, platform_id) VALUES (20, 6)
2024-12-15T18:26:28.267+01:00 DEBUG 269608 --- [gamehub] [main] o.s.jdbc.datasource.init.ScriptUtils     : 1 returned as update count for SQL: INSERT INTO game_platforms (game_id, platform_id) VALUES (20, 4)
2024-12-15T18:26:28.268+01:00 DEBUG 269608 --- [gamehub] [main] o.s.jdbc.datasource.init.ScriptUtils     : 1 returned as update count for SQL: INSERT INTO game_platforms (game_id, platform_id) VALUES (20, 5)
2024-12-15T18:26:28.268+01:00 DEBUG 269608 --- [gamehub] [main] o.s.jdbc.datasource.init.ScriptUtils     : 1 returned as update count for SQL: INSERT INTO game_platforms (game_id, platform_id) VALUES (20, 2)
2024-12-15T18:26:28.269+01:00 DEBUG 269608 --- [gamehub] [main] o.s.jdbc.datasource.init.ScriptUtils     : 1 returned as update count for SQL: INSERT INTO game_platforms (game_id, platform_id) VALUES (20, 3)
2024-12-15T18:26:28.269+01:00 DEBUG 269608 --- [gamehub] [main] o.s.jdbc.datasource.init.ScriptUtils     : 1 returned as update count for SQL: INSERT INTO game_platforms (game_id, platform_id) VALUES (21, 1)
2024-12-15T18:26:28.269+01:00 DEBUG 269608 --- [gamehub] [main] o.s.jdbc.datasource.init.ScriptUtils     : 1 returned as update count for SQL: INSERT INTO game_platforms (game_id, platform_id) VALUES (22, 6)
2024-12-15T18:26:28.269+01:00 DEBUG 269608 --- [gamehub] [main] o.s.jdbc.datasource.init.ScriptUtils     : 1 returned as update count for SQL: INSERT INTO game_platforms (game_id, platform_id) VALUES (22, 4)
2024-12-15T18:26:28.270+01:00 DEBUG 269608 --- [gamehub] [main] o.s.jdbc.datasource.init.ScriptUtils     : 1 returned as update count for SQL: INSERT INTO game_platforms (game_id, platform_id) VALUES (22, 5)
2024-12-15T18:26:28.270+01:00 DEBUG 269608 --- [gamehub] [main] o.s.jdbc.datasource.init.ScriptUtils     : 1 returned as update count for SQL: INSERT INTO game_platforms (game_id, platform_id) VALUES (22, 2)
2024-12-15T18:26:28.270+01:00 DEBUG 269608 --- [gamehub] [main] o.s.jdbc.datasource.init.ScriptUtils     : 1 returned as update count for SQL: INSERT INTO game_platforms (game_id, platform_id) VALUES (22, 3)
2024-12-15T18:26:28.271+01:00 DEBUG 269608 --- [gamehub] [main] o.s.jdbc.datasource.init.ScriptUtils     : 1 returned as update count for SQL: INSERT INTO game_platforms (game_id, platform_id) VALUES (23, 6)
2024-12-15T18:26:28.271+01:00 DEBUG 269608 --- [gamehub] [main] o.s.jdbc.datasource.init.ScriptUtils     : 1 returned as update count for SQL: INSERT INTO game_platforms (game_id, platform_id) VALUES (23, 4)
2024-12-15T18:26:28.271+01:00 DEBUG 269608 --- [gamehub] [main] o.s.jdbc.datasource.init.ScriptUtils     : 1 returned as update count for SQL: INSERT INTO game_platforms (game_id, platform_id) VALUES (23, 5)
2024-12-15T18:26:28.272+01:00 DEBUG 269608 --- [gamehub] [main] o.s.jdbc.datasource.init.ScriptUtils     : 1 returned as update count for SQL: INSERT INTO game_platforms (game_id, platform_id) VALUES (23, 2)
2024-12-15T18:26:28.272+01:00 DEBUG 269608 --- [gamehub] [main] o.s.jdbc.datasource.init.ScriptUtils     : 1 returned as update count for SQL: INSERT INTO game_platforms (game_id, platform_id) VALUES (23, 3)
2024-12-15T18:26:28.272+01:00 DEBUG 269608 --- [gamehub] [main] o.s.jdbc.datasource.init.ScriptUtils     : 1 returned as update count for SQL: INSERT INTO game_platforms (game_id, platform_id) VALUES (24, 6)
2024-12-15T18:26:28.273+01:00 DEBUG 269608 --- [gamehub] [main] o.s.jdbc.datasource.init.ScriptUtils     : 1 returned as update count for SQL: INSERT INTO game_platforms (game_id, platform_id) VALUES (24, 4)
2024-12-15T18:26:28.275+01:00 DEBUG 269608 --- [gamehub] [main] o.s.jdbc.datasource.init.ScriptUtils     : 1 returned as update count for SQL: INSERT INTO game_platforms (game_id, platform_id) VALUES (24, 5)
2024-12-15T18:26:28.276+01:00 DEBUG 269608 --- [gamehub] [main] o.s.jdbc.datasource.init.ScriptUtils     : 1 returned as update count for SQL: INSERT INTO game_platforms (game_id, platform_id) VALUES (24, 2)
2024-12-15T18:26:28.277+01:00 DEBUG 269608 --- [gamehub] [main] o.s.jdbc.datasource.init.ScriptUtils     : 1 returned as update count for SQL: INSERT INTO game_platforms (game_id, platform_id) VALUES (24, 3)
2024-12-15T18:26:28.279+01:00 DEBUG 269608 --- [gamehub] [main] o.s.jdbc.datasource.init.ScriptUtils     : 1 returned as update count for SQL: INSERT INTO game_platforms (game_id, platform_id) VALUES (25, 6)
2024-12-15T18:26:28.280+01:00 DEBUG 269608 --- [gamehub] [main] o.s.jdbc.datasource.init.ScriptUtils     : 1 returned as update count for SQL: INSERT INTO game_platforms (game_id, platform_id) VALUES (25, 4)
2024-12-15T18:26:28.281+01:00 DEBUG 269608 --- [gamehub] [main] o.s.jdbc.datasource.init.ScriptUtils     : 1 returned as update count for SQL: INSERT INTO game_platforms (game_id, platform_id) VALUES (25, 5)
2024-12-15T18:26:28.282+01:00 DEBUG 269608 --- [gamehub] [main] o.s.jdbc.datasource.init.ScriptUtils     : 1 returned as update count for SQL: INSERT INTO game_platforms (game_id, platform_id) VALUES (25, 1)
2024-12-15T18:26:28.283+01:00 DEBUG 269608 --- [gamehub] [main] o.s.jdbc.datasource.init.ScriptUtils     : 1 returned as update count for SQL: INSERT INTO game_platforms (game_id, platform_id) VALUES (25, 2)
2024-12-15T18:26:28.284+01:00 DEBUG 269608 --- [gamehub] [main] o.s.jdbc.datasource.init.ScriptUtils     : 1 returned as update count for SQL: INSERT INTO game_platforms (game_id, platform_id) VALUES (25, 3)
2024-12-15T18:26:28.284+01:00 DEBUG 269608 --- [gamehub] [main] o.s.jdbc.datasource.init.ScriptUtils     : 1 returned as update count for SQL: INSERT INTO game_platforms (game_id, platform_id) VALUES (26, 6)
2024-12-15T18:26:28.285+01:00 DEBUG 269608 --- [gamehub] [main] o.s.jdbc.datasource.init.ScriptUtils     : 1 returned as update count for SQL: INSERT INTO game_platforms (game_id, platform_id) VALUES (26, 4)
2024-12-15T18:26:28.286+01:00 DEBUG 269608 --- [gamehub] [main] o.s.jdbc.datasource.init.ScriptUtils     : 1 returned as update count for SQL: INSERT INTO game_platforms (game_id, platform_id) VALUES (26, 5)
2024-12-15T18:26:28.286+01:00 DEBUG 269608 --- [gamehub] [main] o.s.jdbc.datasource.init.ScriptUtils     : 1 returned as update count for SQL: INSERT INTO game_platforms (game_id, platform_id) VALUES (26, 2)
2024-12-15T18:26:28.287+01:00 DEBUG 269608 --- [gamehub] [main] o.s.jdbc.datasource.init.ScriptUtils     : 1 returned as update count for SQL: INSERT INTO game_platforms (game_id, platform_id) VALUES (26, 3)
2024-12-15T18:26:28.287+01:00 DEBUG 269608 --- [gamehub] [main] o.s.jdbc.datasource.init.ScriptUtils     : 1 returned as update count for SQL: INSERT INTO game_platforms (game_id, platform_id) VALUES (27, 6)
2024-12-15T18:26:28.288+01:00 DEBUG 269608 --- [gamehub] [main] o.s.jdbc.datasource.init.ScriptUtils     : 1 returned as update count for SQL: INSERT INTO game_platforms (game_id, platform_id) VALUES (28, 6)
2024-12-15T18:26:28.289+01:00 DEBUG 269608 --- [gamehub] [main] o.s.jdbc.datasource.init.ScriptUtils     : 1 returned as update count for SQL: INSERT INTO game_platforms (game_id, platform_id) VALUES (29, 6)
2024-12-15T18:26:28.289+01:00 DEBUG 269608 --- [gamehub] [main] o.s.jdbc.datasource.init.ScriptUtils     : 1 returned as update count for SQL: INSERT INTO game_platforms (game_id, platform_id) VALUES (30, 6)
2024-12-15T18:26:28.290+01:00 DEBUG 269608 --- [gamehub] [main] o.s.jdbc.datasource.init.ScriptUtils     : 1 returned as update count for SQL: INSERT INTO game_platforms (game_id, platform_id) VALUES (30, 4)
2024-12-15T18:26:28.291+01:00 DEBUG 269608 --- [gamehub] [main] o.s.jdbc.datasource.init.ScriptUtils     : 1 returned as update count for SQL: INSERT INTO game_platforms (game_id, platform_id) VALUES (30, 5)
2024-12-15T18:26:28.292+01:00 DEBUG 269608 --- [gamehub] [main] o.s.jdbc.datasource.init.ScriptUtils     : 1 returned as update count for SQL: INSERT INTO game_platforms (game_id, platform_id) VALUES (30, 1)
2024-12-15T18:26:28.293+01:00 DEBUG 269608 --- [gamehub] [main] o.s.jdbc.datasource.init.ScriptUtils     : 1 returned as update count for SQL: INSERT INTO game_platforms (game_id, platform_id) VALUES (30, 2)
2024-12-15T18:26:28.294+01:00 DEBUG 269608 --- [gamehub] [main] o.s.jdbc.datasource.init.ScriptUtils     : 1 returned as update count for SQL: INSERT INTO game_platforms (game_id, platform_id) VALUES (30, 3)
2024-12-15T18:26:28.295+01:00 DEBUG 269608 --- [gamehub] [main] o.s.jdbc.datasource.init.ScriptUtils     : 1 returned as update count for SQL: INSERT INTO game_platforms (game_id, platform_id) VALUES (31, 6)
2024-12-15T18:26:28.296+01:00 DEBUG 269608 --- [gamehub] [main] o.s.jdbc.datasource.init.ScriptUtils     : 1 returned as update count for SQL: INSERT INTO game_platforms (game_id, platform_id) VALUES (31, 4)
2024-12-15T18:26:28.298+01:00 DEBUG 269608 --- [gamehub] [main] o.s.jdbc.datasource.init.ScriptUtils     : 1 returned as update count for SQL: INSERT INTO game_platforms (game_id, platform_id) VALUES (31, 5)
2024-12-15T18:26:28.299+01:00 DEBUG 269608 --- [gamehub] [main] o.s.jdbc.datasource.init.ScriptUtils     : 1 returned as update count for SQL: INSERT INTO game_platforms (game_id, platform_id) VALUES (31, 1)
2024-12-15T18:26:28.299+01:00 DEBUG 269608 --- [gamehub] [main] o.s.jdbc.datasource.init.ScriptUtils     : 1 returned as update count for SQL: INSERT INTO game_platforms (game_id, platform_id) VALUES (31, 2)
2024-12-15T18:26:28.300+01:00 DEBUG 269608 --- [gamehub] [main] o.s.jdbc.datasource.init.ScriptUtils     : 1 returned as update count for SQL: INSERT INTO game_platforms (game_id, platform_id) VALUES (31, 3)
2024-12-15T18:26:28.305+01:00  WARN 269608 --- [gamehub] [main] ConfigServletWebServerApplicationContext : Exception encountered during context initialization - cancelling refresh attempt: org.springframework.beans.factory.BeanCreationException: Error creating bean with name 'entityManagerFactory' defined in class path resource [org/springframework/boot/autoconfigure/orm/jpa/HibernateJpaConfiguration.class]: Failed to initialize dependency 'dataSourceScriptDatabaseInitializer' of LoadTimeWeaverAware bean 'entityManagerFactory': Error creating bean with name 'dataSourceScriptDatabaseInitializer' defined in class path resource [org/springframework/boot/autoconfigure/sql/init/DataSourceInitializationConfiguration.class]: Failed to execute SQL script statement #124 of file [/home/cytech/Desktop/Gamehub/GameHub/gamehub/target/classes/data.sql]: INSERT INTO tournament (name, date_start, date_end, date_end_inscription, date_start_inscription, categorie, game_id, is_private, nb_joueur_limite, nb_joueur, datecreation) VALUES ('Minecraft Championship', '2024-12-20 10:00:00', '2024-12-21 18:00:00', '2024-12-19 23:59:59', '2024-12-15 00:00:00', 'Adventure', 31, false, 64, 0, '2024-12-15 00:00:00')
2024-12-15T18:26:28.306+01:00  INFO 269608 --- [gamehub] [main] com.zaxxer.hikari.HikariDataSource       : HikariPool-1 - Shutdown initiated...
2024-12-15T18:26:28.520+01:00  INFO 269608 --- [gamehub] [main] com.zaxxer.hikari.HikariDataSource       : HikariPool-1 - Shutdown completed.
2024-12-15T18:26:28.525+01:00  INFO 269608 --- [gamehub] [main] o.apache.catalina.core.StandardService   : Stopping service [Tomcat]
2024-12-15T18:26:28.545+01:00  INFO 269608 --- [gamehub] [main] .s.b.a.l.ConditionEvaluationReportLogger : 

Error starting ApplicationContext. To display the condition evaluation report re-run your application with 'debug' enabled.
2024-12-15T18:26:28.579+01:00 ERROR 269608 --- [gamehub] [main] o.s.boot.SpringApplication               : Application run failed

org.springframework.beans.factory.BeanCreationException: Error creating bean with name 'entityManagerFactory' defined in class path resource [org/springframework/boot/autoconfigure/orm/jpa/HibernateJpaConfiguration.class]: Failed to initialize dependency 'dataSourceScriptDatabaseInitializer' of LoadTimeWeaverAware bean 'entityManagerFactory': Error creating bean with name 'dataSourceScriptDatabaseInitializer' defined in class path resource [org/springframework/boot/autoconfigure/sql/init/DataSourceInitializationConfiguration.class]: Failed to execute SQL script statement #124 of file [/home/cytech/Desktop/Gamehub/GameHub/gamehub/target/classes/data.sql]: INSERT INTO tournament (name, date_start, date_end, date_end_inscription, date_start_inscription, categorie, game_id, is_private, nb_joueur_limite, nb_joueur, datecreation) VALUES ('Minecraft Championship', '2024-12-20 10:00:00', '2024-12-21 18:00:00', '2024-12-19 23:59:59', '2024-12-15 00:00:00', 'Adventure', 31, false, 64, 0, '2024-12-15 00:00:00')
	at org.springframework.beans.factory.support.AbstractBeanFactory.doGetBean(AbstractBeanFactory.java:326) ~[spring-beans-6.1.14.jar:6.1.14]
	at org.springframework.beans.factory.support.AbstractBeanFactory.getBean(AbstractBeanFactory.java:205) ~[spring-beans-6.1.14.jar:6.1.14]
	at org.springframework.context.support.AbstractApplicationContext.finishBeanFactoryInitialization(AbstractApplicationContext.java:954) ~[spring-context-6.1.14.jar:6.1.14]
	at org.springframework.context.support.AbstractApplicationContext.refresh(AbstractApplicationContext.java:625) ~[spring-context-6.1.14.jar:6.1.14]
	at org.springframework.boot.web.servlet.context.ServletWebServerApplicationContext.refresh(ServletWebServerApplicationContext.java:146) ~[spring-boot-3.3.5.jar:3.3.5]
	at org.springframework.boot.SpringApplication.refresh(SpringApplication.java:754) ~[spring-boot-3.3.5.jar:3.3.5]
	at org.springframework.boot.SpringApplication.refreshContext(SpringApplication.java:456) ~[spring-boot-3.3.5.jar:3.3.5]
	at org.springframework.boot.SpringApplication.run(SpringApplication.java:335) ~[spring-boot-3.3.5.jar:3.3.5]
	at org.springframework.boot.SpringApplication.run(SpringApplication.java:1363) ~[spring-boot-3.3.5.jar:3.3.5]
	at org.springframework.boot.SpringApplication.run(SpringApplication.java:1352) ~[spring-boot-3.3.5.jar:3.3.5]
	at fr.gamehub.gamehub.GamehubApplication.main(GamehubApplication.java:10) ~[classes/:na]
Caused by: org.springframework.beans.factory.BeanCreationException: Error creating bean with name 'dataSourceScriptDatabaseInitializer' defined in class path resource [org/springframework/boot/autoconfigure/sql/init/DataSourceInitializationConfiguration.class]: Failed to execute SQL script statement #124 of file [/home/cytech/Desktop/Gamehub/GameHub/gamehub/target/classes/data.sql]: INSERT INTO tournament (name, date_start, date_end, date_end_inscription, date_start_inscription, categorie, game_id, is_private, nb_joueur_limite, nb_joueur, datecreation) VALUES ('Minecraft Championship', '2024-12-20 10:00:00', '2024-12-21 18:00:00', '2024-12-19 23:59:59', '2024-12-15 00:00:00', 'Adventure', 31, false, 64, 0, '2024-12-15 00:00:00')
	at org.springframework.beans.factory.support.AbstractAutowireCapableBeanFactory.initializeBean(AbstractAutowireCapableBeanFactory.java:1806) ~[spring-beans-6.1.14.jar:6.1.14]
	at org.springframework.beans.factory.support.AbstractAutowireCapableBeanFactory.doCreateBean(AbstractAutowireCapableBeanFactory.java:600) ~[spring-beans-6.1.14.jar:6.1.14]
	at org.springframework.beans.factory.support.AbstractAutowireCapableBeanFactory.createBean(AbstractAutowireCapableBeanFactory.java:522) ~[spring-beans-6.1.14.jar:6.1.14]
	at org.springframework.beans.factory.support.AbstractBeanFactory.lambda$doGetBean$0(AbstractBeanFactory.java:337) ~[spring-beans-6.1.14.jar:6.1.14]
	at org.springframework.beans.factory.support.DefaultSingletonBeanRegistry.getSingleton(DefaultSingletonBeanRegistry.java:234) ~[spring-beans-6.1.14.jar:6.1.14]
	at org.springframework.beans.factory.support.AbstractBeanFactory.doGetBean(AbstractBeanFactory.java:335) ~[spring-beans-6.1.14.jar:6.1.14]
	at org.springframework.beans.factory.support.AbstractBeanFactory.getBean(AbstractBeanFactory.java:200) ~[spring-beans-6.1.14.jar:6.1.14]
	at org.springframework.beans.factory.support.AbstractBeanFactory.doGetBean(AbstractBeanFactory.java:313) ~[spring-beans-6.1.14.jar:6.1.14]
	... 10 common frames omitted
Caused by: org.springframework.jdbc.datasource.init.ScriptStatementFailedException: Failed to execute SQL script statement #124 of file [/home/cytech/Desktop/Gamehub/GameHub/gamehub/target/classes/data.sql]: INSERT INTO tournament (name, date_start, date_end, date_end_inscription, date_start_inscription, categorie, game_id, is_private, nb_joueur_limite, nb_joueur, datecreation) VALUES ('Minecraft Championship', '2024-12-20 10:00:00', '2024-12-21 18:00:00', '2024-12-19 23:59:59', '2024-12-15 00:00:00', 'Adventure', 31, false, 64, 0, '2024-12-15 00:00:00')
	at org.springframework.jdbc.datasource.init.ScriptUtils.executeSqlScript(ScriptUtils.java:282) ~[spring-jdbc-6.1.14.jar:6.1.14]
	at org.springframework.jdbc.datasource.init.ResourceDatabasePopulator.populate(ResourceDatabasePopulator.java:254) ~[spring-jdbc-6.1.14.jar:6.1.14]
	at org.springframework.jdbc.datasource.init.DatabasePopulatorUtils.execute(DatabasePopulatorUtils.java:54) ~[spring-jdbc-6.1.14.jar:6.1.14]
	at org.springframework.boot.jdbc.init.DataSourceScriptDatabaseInitializer.runScripts(DataSourceScriptDatabaseInitializer.java:87) ~[spring-boot-3.3.5.jar:3.3.5]
	at org.springframework.boot.sql.init.AbstractScriptDatabaseInitializer.runScripts(AbstractScriptDatabaseInitializer.java:146) ~[spring-boot-3.3.5.jar:3.3.5]
	at org.springframework.boot.sql.init.AbstractScriptDatabaseInitializer.applyScripts(AbstractScriptDatabaseInitializer.java:108) ~[spring-boot-3.3.5.jar:3.3.5]
	at org.springframework.boot.sql.init.AbstractScriptDatabaseInitializer.applyDataScripts(AbstractScriptDatabaseInitializer.java:102) ~[spring-boot-3.3.5.jar:3.3.5]
	at org.springframework.boot.sql.init.AbstractScriptDatabaseInitializer.initializeDatabase(AbstractScriptDatabaseInitializer.java:77) ~[spring-boot-3.3.5.jar:3.3.5]
	at org.springframework.boot.sql.init.AbstractScriptDatabaseInitializer.afterPropertiesSet(AbstractScriptDatabaseInitializer.java:66) ~[spring-boot-3.3.5.jar:3.3.5]
	at org.springframework.beans.factory.support.AbstractAutowireCapableBeanFactory.invokeInitMethods(AbstractAutowireCapableBeanFactory.java:1853) ~[spring-beans-6.1.14.jar:6.1.14]
	at org.springframework.beans.factory.support.AbstractAutowireCapableBeanFactory.initializeBean(AbstractAutowireCapableBeanFactory.java:1802) ~[spring-beans-6.1.14.jar:6.1.14]
	... 17 common frames omitted
Caused by: org.h2.jdbc.JdbcSQLDataException: Data conversion error converting "'Adventure' (TOURNAMENT: ""CATEGORIE"" TINYINT NOT NULL)"; SQL statement:
INSERT INTO tournament (name, date_start, date_end, date_end_inscription, date_start_inscription, categorie, game_id, is_private, nb_joueur_limite, nb_joueur, datecreation) VALUES ('Minecraft Championship', '2024-12-20 10:00:00', '2024-12-21 18:00:00', '2024-12-19 23:59:59', '2024-12-15 00:00:00', 'Adventure', 31, false, 64, 0, '2024-12-15 00:00:00') [22018-224]
	at org.h2.message.DbException.getJdbcSQLException(DbException.java:518) ~[h2-2.2.224.jar:2.2.224]
	at org.h2.message.DbException.getJdbcSQLException(DbException.java:489) ~[h2-2.2.224.jar:2.2.224]
	at org.h2.message.DbException.get(DbException.java:212) ~[h2-2.2.224.jar:2.2.224]
	at org.h2.table.Column.getDataConversionError(Column.java:413) ~[h2-2.2.224.jar:2.2.224]
	at org.h2.table.Column.validateConvertUpdateSequence(Column.java:372) ~[h2-2.2.224.jar:2.2.224]
	at org.h2.table.Table.convertInsertRow(Table.java:936) ~[h2-2.2.224.jar:2.2.224]
	at org.h2.command.dml.Insert.insertRows(Insert.java:167) ~[h2-2.2.224.jar:2.2.224]
	at org.h2.command.dml.Insert.update(Insert.java:135) ~[h2-2.2.224.jar:2.2.224]
	at org.h2.command.dml.DataChangeStatement.update(DataChangeStatement.java:74) ~[h2-2.2.224.jar:2.2.224]
	at org.h2.command.CommandContainer.update(CommandContainer.java:169) ~[h2-2.2.224.jar:2.2.224]
	at org.h2.command.Command.executeUpdate(Command.java:256) ~[h2-2.2.224.jar:2.2.224]
	at org.h2.jdbc.JdbcStatement.executeInternal(JdbcStatement.java:262) ~[h2-2.2.224.jar:2.2.224]
	at org.h2.jdbc.JdbcStatement.execute(JdbcStatement.java:231) ~[h2-2.2.224.jar:2.2.224]
	at com.zaxxer.hikari.pool.ProxyStatement.execute(ProxyStatement.java:94) ~[HikariCP-5.1.0.jar:na]
	at com.zaxxer.hikari.pool.HikariProxyStatement.execute(HikariProxyStatement.java) ~[HikariCP-5.1.0.jar:na]
	at org.springframework.jdbc.datasource.init.ScriptUtils.executeSqlScript(ScriptUtils.java:261) ~[spring-jdbc-6.1.14.jar:6.1.14]
	... 27 common frames omitted
Caused by: org.h2.message.DbException: Data conversion error converting "Adventure" [22018-224]
	at org.h2.message.DbException.get(DbException.java:212) ~[h2-2.2.224.jar:2.2.224]
	at org.h2.value.ValueStringBase.getByte(ValueStringBase.java:115) ~[h2-2.2.224.jar:2.2.224]
	at org.h2.value.Value.convertToTinyint(Value.java:1479) ~[h2-2.2.224.jar:2.2.224]
	at org.h2.value.Value.convertTo(Value.java:1152) ~[h2-2.2.224.jar:2.2.224]
	at org.h2.value.Value.convertForAssignTo(Value.java:1113) ~[h2-2.2.224.jar:2.2.224]
	at org.h2.table.Column.validateConvertUpdateSequence(Column.java:369) ~[h2-2.2.224.jar:2.2.224]
	... 38 common frames omitted
Caused by: org.h2.jdbc.JdbcSQLDataException: Data conversion error converting "Adventure" [22018-224]
	at org.h2.message.DbException.getJdbcSQLException(DbException.java:518) ~[h2-2.2.224.jar:2.2.224]
	at org.h2.message.DbException.getJdbcSQLException(DbException.java:489) ~[h2-2.2.224.jar:2.2.224]
	... 44 common frames omitted
Caused by: java.lang.NumberFormatException: For input string: "Adventure"
	at java.base/java.lang.NumberFormatException.forInputString(NumberFormatException.java:67) ~[na:na]
	at java.base/java.lang.Integer.parseInt(Integer.java:662) ~[na:na]
	at java.base/java.lang.Byte.parseByte(Byte.java:195) ~[na:na]
	at java.base/java.lang.Byte.parseByte(Byte.java:221) ~[na:na]
	at org.h2.value.ValueStringBase.getByte(ValueStringBase.java:113) ~[h2-2.2.224.jar:2.2.224]
	... 42 common frames omitted

